{"numTotalTestSuites":103,"numPassedTestSuites":53,"numFailedTestSuites":50,"numPendingTestSuites":0,"numTotalTests":264,"numPassedTests":138,"numFailedTests":126,"numPendingTests":0,"numTodoTests":0,"snapshot":{"added":0,"failure":false,"filesAdded":0,"filesRemoved":0,"filesRemovedList":[],"filesUnmatched":0,"filesUpdated":0,"matched":0,"total":0,"unchecked":0,"uncheckedKeysByFile":[],"unmatched":0,"updated":0,"didUpdate":false},"startTime":1778196787978,"success":false,"testResults":[{"assertionResults":[{"ancestorTitles":["staffGuard"],"fullName":"staffGuard should allow access if user is staff (admin, manager, staff)","status":"passed","title":"should allow access if user is staff (admin, manager, staff)","duration":11.794499999999971,"failureMessages":[],"meta":{}},{"ancestorTitles":["staffGuard"],"fullName":"staffGuard should deny access and redirect to home if user is not staff (member, user)","status":"passed","title":"should deny access and redirect to home if user is not staff (member, user)","duration":4.56289999999899,"failureMessages":[],"meta":{}}],"startTime":1778196794889,"endTime":1778196794905.563,"status":"passed","message":"","name":"C:/Users/Usuario/Desktop/AgilityAsturiass/frontend/src/app/guards/staff.guard.spec.ts"},{"assertionResults":[{"ancestorTitles":["AuthService Profile Update"],"fullName":"AuthService Profile Update should send FormData to updateProfile and refresh user","status":"failed","title":"should send FormData to updateProfile and refresh user","duration":24.225500000000466,"failureMessages":["TypeError: window.matchMedia is not a function\n    at AnalyticsService2.init (C:/Users/Usuario/Desktop/AgilityAsturiass/frontend/src/app/services/analytics.service.ts:47:26)\n    at new AnalyticsService2 (C:/Users/Usuario/Desktop/AgilityAsturiass/frontend/src/app/services/analytics.service.ts:17:10)\n    at Object.AnalyticsService2_Factory [as factory] (ng:///AnalyticsService2/ɵfac.js:5:10)\n    at file:///C:/Users/Usuario/Desktop/AgilityAsturiass/frontend/node_modules/@angular/core/fesm2022/_untracked-chunk.mjs:1311:35\n    at runInInjectorProfilerContext (file:///C:/Users/Usuario/Desktop/AgilityAsturiass/frontend/node_modules/@angular/core/fesm2022/_untracked-chunk.mjs:442:5)\n    at R3Injector.hydrate (file:///C:/Users/Usuario/Desktop/AgilityAsturiass/frontend/node_modules/@angular/core/fesm2022/_untracked-chunk.mjs:1309:11)\n    at R3Injector.get (file:///C:/Users/Usuario/Desktop/AgilityAsturiass/frontend/node_modules/@angular/core/fesm2022/_untracked-chunk.mjs:1201:23)\n    at R3Injector.retrieve (file:///C:/Users/Usuario/Desktop/AgilityAsturiass/frontend/node_modules/@angular/core/fesm2022/_untracked-chunk.mjs:1116:19)\n    at injectInjectorOnly (file:///C:/Users/Usuario/Desktop/AgilityAsturiass/frontend/node_modules/@angular/core/fesm2022/_untracked-chunk.mjs:670:35)\n    at ɵɵinject (file:///C:/Users/Usuario/Desktop/AgilityAsturiass/frontend/node_modules/@angular/core/fesm2022/_untracked-chunk.mjs:682:59)","TypeError: Cannot read properties of undefined (reading 'verify')\n    at C:/Users/Usuario/Desktop/AgilityAsturiass/frontend/src/app/services/auth.service.spec.ts:22:18\n    at file:///C:/Users/Usuario/Desktop/AgilityAsturiass/frontend/node_modules/@vitest/runner/dist/index.js:145:11\n    at file:///C:/Users/Usuario/Desktop/AgilityAsturiass/frontend/node_modules/@vitest/runner/dist/index.js:1243:20\n    at new ZoneAwarePromise (C:/Users/Usuario/Desktop/AgilityAsturiass/frontend/node_modules/zone.js/fesm2015/zone.js:2221:23)\n    at runWithTimeout (file:///C:/Users/Usuario/Desktop/AgilityAsturiass/frontend/node_modules/@vitest/runner/dist/index.js:1209:10)\n    at runHook (file:///C:/Users/Usuario/Desktop/AgilityAsturiass/frontend/node_modules/@vitest/runner/dist/index.js:1514:51)\n    at callSuiteHook (file:///C:/Users/Usuario/Desktop/AgilityAsturiass/frontend/node_modules/@vitest/runner/dist/index.js:1520:25)\n    at file:///C:/Users/Usuario/Desktop/AgilityAsturiass/frontend/node_modules/@vitest/runner/dist/index.js:1676:37\n    at Traces.$ (file:///C:/Users/Usuario/Desktop/AgilityAsturiass/frontend/node_modules/vitest/dist/chunks/traces.CCmnQaNT.js:142:27)\n    at trace (file:///C:/Users/Usuario/Desktop/AgilityAsturiass/frontend/node_modules/vitest/dist/chunks/test.B8ej_ZHS.js:239:21)"],"meta":{}},{"ancestorTitles":["AuthService Profile Update"],"fullName":"AuthService Profile Update should include photo in FormData when updating profile","status":"failed","title":"should include photo in FormData when updating profile","duration":7.576999999999316,"failureMessages":["TypeError: window.matchMedia is not a function\n    at AnalyticsService2.init (C:/Users/Usuario/Desktop/AgilityAsturiass/frontend/src/app/services/analytics.service.ts:47:26)\n    at new AnalyticsService2 (C:/Users/Usuario/Desktop/AgilityAsturiass/frontend/src/app/services/analytics.service.ts:17:10)\n    at Object.AnalyticsService2_Factory [as factory] (ng:///AnalyticsService2/ɵfac.js:5:10)\n    at file:///C:/Users/Usuario/Desktop/AgilityAsturiass/frontend/node_modules/@angular/core/fesm2022/_untracked-chunk.mjs:1311:35\n    at runInInjectorProfilerContext (file:///C:/Users/Usuario/Desktop/AgilityAsturiass/frontend/node_modules/@angular/core/fesm2022/_untracked-chunk.mjs:442:5)\n    at R3Injector.hydrate (file:///C:/Users/Usuario/Desktop/AgilityAsturiass/frontend/node_modules/@angular/core/fesm2022/_untracked-chunk.mjs:1309:11)\n    at R3Injector.get (file:///C:/Users/Usuario/Desktop/AgilityAsturiass/frontend/node_modules/@angular/core/fesm2022/_untracked-chunk.mjs:1201:23)\n    at R3Injector.retrieve (file:///C:/Users/Usuario/Desktop/AgilityAsturiass/frontend/node_modules/@angular/core/fesm2022/_untracked-chunk.mjs:1116:19)\n    at injectInjectorOnly (file:///C:/Users/Usuario/Desktop/AgilityAsturiass/frontend/node_modules/@angular/core/fesm2022/_untracked-chunk.mjs:670:35)\n    at ɵɵinject (file:///C:/Users/Usuario/Desktop/AgilityAsturiass/frontend/node_modules/@angular/core/fesm2022/_untracked-chunk.mjs:682:59)","TypeError: Cannot read properties of undefined (reading 'verify')\n    at C:/Users/Usuario/Desktop/AgilityAsturiass/frontend/src/app/services/auth.service.spec.ts:22:18\n    at file:///C:/Users/Usuario/Desktop/AgilityAsturiass/frontend/node_modules/@vitest/runner/dist/index.js:145:11\n    at file:///C:/Users/Usuario/Desktop/AgilityAsturiass/frontend/node_modules/@vitest/runner/dist/index.js:1243:20\n    at new ZoneAwarePromise (C:/Users/Usuario/Desktop/AgilityAsturiass/frontend/node_modules/zone.js/fesm2015/zone.js:2221:23)\n    at runWithTimeout (file:///C:/Users/Usuario/Desktop/AgilityAsturiass/frontend/node_modules/@vitest/runner/dist/index.js:1209:10)\n    at runHook (file:///C:/Users/Usuario/Desktop/AgilityAsturiass/frontend/node_modules/@vitest/runner/dist/index.js:1514:51)\n    at callSuiteHook (file:///C:/Users/Usuario/Desktop/AgilityAsturiass/frontend/node_modules/@vitest/runner/dist/index.js:1520:25)\n    at file:///C:/Users/Usuario/Desktop/AgilityAsturiass/frontend/node_modules/@vitest/runner/dist/index.js:1676:37\n    at Traces.$ (file:///C:/Users/Usuario/Desktop/AgilityAsturiass/frontend/node_modules/vitest/dist/chunks/traces.CCmnQaNT.js:142:27)\n    at trace (file:///C:/Users/Usuario/Desktop/AgilityAsturiass/frontend/node_modules/vitest/dist/chunks/test.B8ej_ZHS.js:239:21)"],"meta":{}}],"startTime":1778196793012,"endTime":1778196793044.577,"status":"failed","message":"","name":"C:/Users/Usuario/Desktop/AgilityAsturiass/frontend/src/app/services/auth.service.spec.ts"},{"assertionResults":[{"ancestorTitles":["CompetitionService"],"fullName":"CompetitionService should be created","status":"failed","title":"should be created","duration":67.52450000000135,"failureMessages":["TypeError: window.matchMedia is not a function\n    at AnalyticsService2.init (C:/Users/Usuario/Desktop/AgilityAsturiass/frontend/src/app/services/analytics.service.ts:47:26)\n    at new AnalyticsService2 (C:/Users/Usuario/Desktop/AgilityAsturiass/frontend/src/app/services/analytics.service.ts:17:10)\n    at Object.AnalyticsService2_Factory [as factory] (ng:///AnalyticsService2/ɵfac.js:5:10)\n    at file:///C:/Users/Usuario/Desktop/AgilityAsturiass/frontend/node_modules/@angular/core/fesm2022/_untracked-chunk.mjs:1311:35\n    at runInInjectorProfilerContext (file:///C:/Users/Usuario/Desktop/AgilityAsturiass/frontend/node_modules/@angular/core/fesm2022/_untracked-chunk.mjs:442:5)\n    at R3Injector.hydrate (file:///C:/Users/Usuario/Desktop/AgilityAsturiass/frontend/node_modules/@angular/core/fesm2022/_untracked-chunk.mjs:1309:11)\n    at R3Injector.get (file:///C:/Users/Usuario/Desktop/AgilityAsturiass/frontend/node_modules/@angular/core/fesm2022/_untracked-chunk.mjs:1201:23)\n    at R3Injector.retrieve (file:///C:/Users/Usuario/Desktop/AgilityAsturiass/frontend/node_modules/@angular/core/fesm2022/_untracked-chunk.mjs:1116:19)\n    at injectInjectorOnly (file:///C:/Users/Usuario/Desktop/AgilityAsturiass/frontend/node_modules/@angular/core/fesm2022/_untracked-chunk.mjs:670:35)\n    at ɵɵinject (file:///C:/Users/Usuario/Desktop/AgilityAsturiass/frontend/node_modules/@angular/core/fesm2022/_untracked-chunk.mjs:682:59)","TypeError: Cannot read properties of undefined (reading 'verify')\n    at C:/Users/Usuario/Desktop/AgilityAsturiass/frontend/src/app/services/competition.service.spec.ts:45:18\n    at file:///C:/Users/Usuario/Desktop/AgilityAsturiass/frontend/node_modules/@vitest/runner/dist/index.js:145:11\n    at file:///C:/Users/Usuario/Desktop/AgilityAsturiass/frontend/node_modules/@vitest/runner/dist/index.js:1243:20\n    at new ZoneAwarePromise (C:/Users/Usuario/Desktop/AgilityAsturiass/frontend/node_modules/zone.js/fesm2015/zone.js:2221:23)\n    at runWithTimeout (file:///C:/Users/Usuario/Desktop/AgilityAsturiass/frontend/node_modules/@vitest/runner/dist/index.js:1209:10)\n    at runHook (file:///C:/Users/Usuario/Desktop/AgilityAsturiass/frontend/node_modules/@vitest/runner/dist/index.js:1514:51)\n    at callSuiteHook (file:///C:/Users/Usuario/Desktop/AgilityAsturiass/frontend/node_modules/@vitest/runner/dist/index.js:1520:25)\n    at file:///C:/Users/Usuario/Desktop/AgilityAsturiass/frontend/node_modules/@vitest/runner/dist/index.js:1676:37\n    at Traces.$ (file:///C:/Users/Usuario/Desktop/AgilityAsturiass/frontend/node_modules/vitest/dist/chunks/traces.CCmnQaNT.js:142:27)\n    at trace (file:///C:/Users/Usuario/Desktop/AgilityAsturiass/frontend/node_modules/vitest/dist/chunks/test.B8ej_ZHS.js:239:21)"],"meta":{}},{"ancestorTitles":["CompetitionService"],"fullName":"CompetitionService should fetch and map competitions correctly","status":"failed","title":"should fetch and map competitions correctly","duration":19.880800000000818,"failureMessages":["TypeError: window.matchMedia is not a function\n    at AnalyticsService2.init (C:/Users/Usuario/Desktop/AgilityAsturiass/frontend/src/app/services/analytics.service.ts:47:26)\n    at new AnalyticsService2 (C:/Users/Usuario/Desktop/AgilityAsturiass/frontend/src/app/services/analytics.service.ts:17:10)\n    at Object.AnalyticsService2_Factory [as factory] (ng:///AnalyticsService2/ɵfac.js:5:10)\n    at file:///C:/Users/Usuario/Desktop/AgilityAsturiass/frontend/node_modules/@angular/core/fesm2022/_untracked-chunk.mjs:1311:35\n    at runInInjectorProfilerContext (file:///C:/Users/Usuario/Desktop/AgilityAsturiass/frontend/node_modules/@angular/core/fesm2022/_untracked-chunk.mjs:442:5)\n    at R3Injector.hydrate (file:///C:/Users/Usuario/Desktop/AgilityAsturiass/frontend/node_modules/@angular/core/fesm2022/_untracked-chunk.mjs:1309:11)\n    at R3Injector.get (file:///C:/Users/Usuario/Desktop/AgilityAsturiass/frontend/node_modules/@angular/core/fesm2022/_untracked-chunk.mjs:1201:23)\n    at R3Injector.retrieve (file:///C:/Users/Usuario/Desktop/AgilityAsturiass/frontend/node_modules/@angular/core/fesm2022/_untracked-chunk.mjs:1116:19)\n    at injectInjectorOnly (file:///C:/Users/Usuario/Desktop/AgilityAsturiass/frontend/node_modules/@angular/core/fesm2022/_untracked-chunk.mjs:670:35)\n    at ɵɵinject (file:///C:/Users/Usuario/Desktop/AgilityAsturiass/frontend/node_modules/@angular/core/fesm2022/_untracked-chunk.mjs:682:59)","TypeError: Cannot read properties of undefined (reading 'verify')\n    at C:/Users/Usuario/Desktop/AgilityAsturiass/frontend/src/app/services/competition.service.spec.ts:45:18\n    at file:///C:/Users/Usuario/Desktop/AgilityAsturiass/frontend/node_modules/@vitest/runner/dist/index.js:145:11\n    at file:///C:/Users/Usuario/Desktop/AgilityAsturiass/frontend/node_modules/@vitest/runner/dist/index.js:1243:20\n    at new ZoneAwarePromise (C:/Users/Usuario/Desktop/AgilityAsturiass/frontend/node_modules/zone.js/fesm2015/zone.js:2221:23)\n    at runWithTimeout (file:///C:/Users/Usuario/Desktop/AgilityAsturiass/frontend/node_modules/@vitest/runner/dist/index.js:1209:10)\n    at runHook (file:///C:/Users/Usuario/Desktop/AgilityAsturiass/frontend/node_modules/@vitest/runner/dist/index.js:1514:51)\n    at callSuiteHook (file:///C:/Users/Usuario/Desktop/AgilityAsturiass/frontend/node_modules/@vitest/runner/dist/index.js:1520:25)\n    at file:///C:/Users/Usuario/Desktop/AgilityAsturiass/frontend/node_modules/@vitest/runner/dist/index.js:1676:37\n    at Traces.$ (file:///C:/Users/Usuario/Desktop/AgilityAsturiass/frontend/node_modules/vitest/dist/chunks/traces.CCmnQaNT.js:142:27)\n    at trace (file:///C:/Users/Usuario/Desktop/AgilityAsturiass/frontend/node_modules/vitest/dist/chunks/test.B8ej_ZHS.js:239:21)"],"meta":{}},{"ancestorTitles":["CompetitionService"],"fullName":"CompetitionService should correctly sort competitions even if fechaEvento has a time component","status":"failed","title":"should correctly sort competitions even if fechaEvento has a time component","duration":8.542999999999665,"failureMessages":["TypeError: window.matchMedia is not a function\n    at AnalyticsService2.init (C:/Users/Usuario/Desktop/AgilityAsturiass/frontend/src/app/services/analytics.service.ts:47:26)\n    at new AnalyticsService2 (C:/Users/Usuario/Desktop/AgilityAsturiass/frontend/src/app/services/analytics.service.ts:17:10)\n    at Object.AnalyticsService2_Factory [as factory] (ng:///AnalyticsService2/ɵfac.js:5:10)\n    at file:///C:/Users/Usuario/Desktop/AgilityAsturiass/frontend/node_modules/@angular/core/fesm2022/_untracked-chunk.mjs:1311:35\n    at runInInjectorProfilerContext (file:///C:/Users/Usuario/Desktop/AgilityAsturiass/frontend/node_modules/@angular/core/fesm2022/_untracked-chunk.mjs:442:5)\n    at R3Injector.hydrate (file:///C:/Users/Usuario/Desktop/AgilityAsturiass/frontend/node_modules/@angular/core/fesm2022/_untracked-chunk.mjs:1309:11)\n    at R3Injector.get (file:///C:/Users/Usuario/Desktop/AgilityAsturiass/frontend/node_modules/@angular/core/fesm2022/_untracked-chunk.mjs:1201:23)\n    at R3Injector.retrieve (file:///C:/Users/Usuario/Desktop/AgilityAsturiass/frontend/node_modules/@angular/core/fesm2022/_untracked-chunk.mjs:1116:19)\n    at injectInjectorOnly (file:///C:/Users/Usuario/Desktop/AgilityAsturiass/frontend/node_modules/@angular/core/fesm2022/_untracked-chunk.mjs:670:35)\n    at ɵɵinject (file:///C:/Users/Usuario/Desktop/AgilityAsturiass/frontend/node_modules/@angular/core/fesm2022/_untracked-chunk.mjs:682:59)","TypeError: Cannot read properties of undefined (reading 'verify')\n    at C:/Users/Usuario/Desktop/AgilityAsturiass/frontend/src/app/services/competition.service.spec.ts:45:18\n    at file:///C:/Users/Usuario/Desktop/AgilityAsturiass/frontend/node_modules/@vitest/runner/dist/index.js:145:11\n    at file:///C:/Users/Usuario/Desktop/AgilityAsturiass/frontend/node_modules/@vitest/runner/dist/index.js:1243:20\n    at new ZoneAwarePromise (C:/Users/Usuario/Desktop/AgilityAsturiass/frontend/node_modules/zone.js/fesm2015/zone.js:2221:23)\n    at runWithTimeout (file:///C:/Users/Usuario/Desktop/AgilityAsturiass/frontend/node_modules/@vitest/runner/dist/index.js:1209:10)\n    at runHook (file:///C:/Users/Usuario/Desktop/AgilityAsturiass/frontend/node_modules/@vitest/runner/dist/index.js:1514:51)\n    at callSuiteHook (file:///C:/Users/Usuario/Desktop/AgilityAsturiass/frontend/node_modules/@vitest/runner/dist/index.js:1520:25)\n    at file:///C:/Users/Usuario/Desktop/AgilityAsturiass/frontend/node_modules/@vitest/runner/dist/index.js:1676:37\n    at Traces.$ (file:///C:/Users/Usuario/Desktop/AgilityAsturiass/frontend/node_modules/vitest/dist/chunks/traces.CCmnQaNT.js:142:27)\n    at trace (file:///C:/Users/Usuario/Desktop/AgilityAsturiass/frontend/node_modules/vitest/dist/chunks/test.B8ej_ZHS.js:239:21)"],"meta":{}},{"ancestorTitles":["CompetitionService"],"fullName":"CompetitionService should add a competition and update signals","status":"failed","title":"should add a competition and update signals","duration":7.827199999999721,"failureMessages":["TypeError: window.matchMedia is not a function\n    at AnalyticsService2.init (C:/Users/Usuario/Desktop/AgilityAsturiass/frontend/src/app/services/analytics.service.ts:47:26)\n    at new AnalyticsService2 (C:/Users/Usuario/Desktop/AgilityAsturiass/frontend/src/app/services/analytics.service.ts:17:10)\n    at Object.AnalyticsService2_Factory [as factory] (ng:///AnalyticsService2/ɵfac.js:5:10)\n    at file:///C:/Users/Usuario/Desktop/AgilityAsturiass/frontend/node_modules/@angular/core/fesm2022/_untracked-chunk.mjs:1311:35\n    at runInInjectorProfilerContext (file:///C:/Users/Usuario/Desktop/AgilityAsturiass/frontend/node_modules/@angular/core/fesm2022/_untracked-chunk.mjs:442:5)\n    at R3Injector.hydrate (file:///C:/Users/Usuario/Desktop/AgilityAsturiass/frontend/node_modules/@angular/core/fesm2022/_untracked-chunk.mjs:1309:11)\n    at R3Injector.get (file:///C:/Users/Usuario/Desktop/AgilityAsturiass/frontend/node_modules/@angular/core/fesm2022/_untracked-chunk.mjs:1201:23)\n    at R3Injector.retrieve (file:///C:/Users/Usuario/Desktop/AgilityAsturiass/frontend/node_modules/@angular/core/fesm2022/_untracked-chunk.mjs:1116:19)\n    at injectInjectorOnly (file:///C:/Users/Usuario/Desktop/AgilityAsturiass/frontend/node_modules/@angular/core/fesm2022/_untracked-chunk.mjs:670:35)\n    at ɵɵinject (file:///C:/Users/Usuario/Desktop/AgilityAsturiass/frontend/node_modules/@angular/core/fesm2022/_untracked-chunk.mjs:682:59)","TypeError: Cannot read properties of undefined (reading 'verify')\n    at C:/Users/Usuario/Desktop/AgilityAsturiass/frontend/src/app/services/competition.service.spec.ts:45:18\n    at file:///C:/Users/Usuario/Desktop/AgilityAsturiass/frontend/node_modules/@vitest/runner/dist/index.js:145:11\n    at file:///C:/Users/Usuario/Desktop/AgilityAsturiass/frontend/node_modules/@vitest/runner/dist/index.js:1243:20\n    at new ZoneAwarePromise (C:/Users/Usuario/Desktop/AgilityAsturiass/frontend/node_modules/zone.js/fesm2015/zone.js:2221:23)\n    at runWithTimeout (file:///C:/Users/Usuario/Desktop/AgilityAsturiass/frontend/node_modules/@vitest/runner/dist/index.js:1209:10)\n    at runHook (file:///C:/Users/Usuario/Desktop/AgilityAsturiass/frontend/node_modules/@vitest/runner/dist/index.js:1514:51)\n    at callSuiteHook (file:///C:/Users/Usuario/Desktop/AgilityAsturiass/frontend/node_modules/@vitest/runner/dist/index.js:1520:25)\n    at file:///C:/Users/Usuario/Desktop/AgilityAsturiass/frontend/node_modules/@vitest/runner/dist/index.js:1676:37\n    at Traces.$ (file:///C:/Users/Usuario/Desktop/AgilityAsturiass/frontend/node_modules/vitest/dist/chunks/traces.CCmnQaNT.js:142:27)\n    at trace (file:///C:/Users/Usuario/Desktop/AgilityAsturiass/frontend/node_modules/vitest/dist/chunks/test.B8ej_ZHS.js:239:21)"],"meta":{}},{"ancestorTitles":["CompetitionService"],"fullName":"CompetitionService should update a competition and update signals","status":"failed","title":"should update a competition and update signals","duration":6.958699999999226,"failureMessages":["TypeError: window.matchMedia is not a function\n    at AnalyticsService2.init (C:/Users/Usuario/Desktop/AgilityAsturiass/frontend/src/app/services/analytics.service.ts:47:26)\n    at new AnalyticsService2 (C:/Users/Usuario/Desktop/AgilityAsturiass/frontend/src/app/services/analytics.service.ts:17:10)\n    at Object.AnalyticsService2_Factory [as factory] (ng:///AnalyticsService2/ɵfac.js:5:10)\n    at file:///C:/Users/Usuario/Desktop/AgilityAsturiass/frontend/node_modules/@angular/core/fesm2022/_untracked-chunk.mjs:1311:35\n    at runInInjectorProfilerContext (file:///C:/Users/Usuario/Desktop/AgilityAsturiass/frontend/node_modules/@angular/core/fesm2022/_untracked-chunk.mjs:442:5)\n    at R3Injector.hydrate (file:///C:/Users/Usuario/Desktop/AgilityAsturiass/frontend/node_modules/@angular/core/fesm2022/_untracked-chunk.mjs:1309:11)\n    at R3Injector.get (file:///C:/Users/Usuario/Desktop/AgilityAsturiass/frontend/node_modules/@angular/core/fesm2022/_untracked-chunk.mjs:1201:23)\n    at R3Injector.retrieve (file:///C:/Users/Usuario/Desktop/AgilityAsturiass/frontend/node_modules/@angular/core/fesm2022/_untracked-chunk.mjs:1116:19)\n    at injectInjectorOnly (file:///C:/Users/Usuario/Desktop/AgilityAsturiass/frontend/node_modules/@angular/core/fesm2022/_untracked-chunk.mjs:670:35)\n    at ɵɵinject (file:///C:/Users/Usuario/Desktop/AgilityAsturiass/frontend/node_modules/@angular/core/fesm2022/_untracked-chunk.mjs:682:59)","TypeError: Cannot read properties of undefined (reading 'verify')\n    at C:/Users/Usuario/Desktop/AgilityAsturiass/frontend/src/app/services/competition.service.spec.ts:45:18\n    at file:///C:/Users/Usuario/Desktop/AgilityAsturiass/frontend/node_modules/@vitest/runner/dist/index.js:145:11\n    at file:///C:/Users/Usuario/Desktop/AgilityAsturiass/frontend/node_modules/@vitest/runner/dist/index.js:1243:20\n    at new ZoneAwarePromise (C:/Users/Usuario/Desktop/AgilityAsturiass/frontend/node_modules/zone.js/fesm2015/zone.js:2221:23)\n    at runWithTimeout (file:///C:/Users/Usuario/Desktop/AgilityAsturiass/frontend/node_modules/@vitest/runner/dist/index.js:1209:10)\n    at runHook (file:///C:/Users/Usuario/Desktop/AgilityAsturiass/frontend/node_modules/@vitest/runner/dist/index.js:1514:51)\n    at callSuiteHook (file:///C:/Users/Usuario/Desktop/AgilityAsturiass/frontend/node_modules/@vitest/runner/dist/index.js:1520:25)\n    at file:///C:/Users/Usuario/Desktop/AgilityAsturiass/frontend/node_modules/@vitest/runner/dist/index.js:1676:37\n    at Traces.$ (file:///C:/Users/Usuario/Desktop/AgilityAsturiass/frontend/node_modules/vitest/dist/chunks/traces.CCmnQaNT.js:142:27)\n    at trace (file:///C:/Users/Usuario/Desktop/AgilityAsturiass/frontend/node_modules/vitest/dist/chunks/test.B8ej_ZHS.js:239:21)"],"meta":{}},{"ancestorTitles":["CompetitionService"],"fullName":"CompetitionService should delete a competition and update signals","status":"failed","title":"should delete a competition and update signals","duration":8.501200000000608,"failureMessages":["TypeError: window.matchMedia is not a function\n    at AnalyticsService2.init (C:/Users/Usuario/Desktop/AgilityAsturiass/frontend/src/app/services/analytics.service.ts:47:26)\n    at new AnalyticsService2 (C:/Users/Usuario/Desktop/AgilityAsturiass/frontend/src/app/services/analytics.service.ts:17:10)\n    at Object.AnalyticsService2_Factory [as factory] (ng:///AnalyticsService2/ɵfac.js:5:10)\n    at file:///C:/Users/Usuario/Desktop/AgilityAsturiass/frontend/node_modules/@angular/core/fesm2022/_untracked-chunk.mjs:1311:35\n    at runInInjectorProfilerContext (file:///C:/Users/Usuario/Desktop/AgilityAsturiass/frontend/node_modules/@angular/core/fesm2022/_untracked-chunk.mjs:442:5)\n    at R3Injector.hydrate (file:///C:/Users/Usuario/Desktop/AgilityAsturiass/frontend/node_modules/@angular/core/fesm2022/_untracked-chunk.mjs:1309:11)\n    at R3Injector.get (file:///C:/Users/Usuario/Desktop/AgilityAsturiass/frontend/node_modules/@angular/core/fesm2022/_untracked-chunk.mjs:1201:23)\n    at R3Injector.retrieve (file:///C:/Users/Usuario/Desktop/AgilityAsturiass/frontend/node_modules/@angular/core/fesm2022/_untracked-chunk.mjs:1116:19)\n    at injectInjectorOnly (file:///C:/Users/Usuario/Desktop/AgilityAsturiass/frontend/node_modules/@angular/core/fesm2022/_untracked-chunk.mjs:670:35)\n    at ɵɵinject (file:///C:/Users/Usuario/Desktop/AgilityAsturiass/frontend/node_modules/@angular/core/fesm2022/_untracked-chunk.mjs:682:59)","TypeError: Cannot read properties of undefined (reading 'verify')\n    at C:/Users/Usuario/Desktop/AgilityAsturiass/frontend/src/app/services/competition.service.spec.ts:45:18\n    at file:///C:/Users/Usuario/Desktop/AgilityAsturiass/frontend/node_modules/@vitest/runner/dist/index.js:145:11\n    at file:///C:/Users/Usuario/Desktop/AgilityAsturiass/frontend/node_modules/@vitest/runner/dist/index.js:1243:20\n    at new ZoneAwarePromise (C:/Users/Usuario/Desktop/AgilityAsturiass/frontend/node_modules/zone.js/fesm2015/zone.js:2221:23)\n    at runWithTimeout (file:///C:/Users/Usuario/Desktop/AgilityAsturiass/frontend/node_modules/@vitest/runner/dist/index.js:1209:10)\n    at runHook (file:///C:/Users/Usuario/Desktop/AgilityAsturiass/frontend/node_modules/@vitest/runner/dist/index.js:1514:51)\n    at callSuiteHook (file:///C:/Users/Usuario/Desktop/AgilityAsturiass/frontend/node_modules/@vitest/runner/dist/index.js:1520:25)\n    at file:///C:/Users/Usuario/Desktop/AgilityAsturiass/frontend/node_modules/@vitest/runner/dist/index.js:1676:37\n    at Traces.$ (file:///C:/Users/Usuario/Desktop/AgilityAsturiass/frontend/node_modules/vitest/dist/chunks/traces.CCmnQaNT.js:142:27)\n    at trace (file:///C:/Users/Usuario/Desktop/AgilityAsturiass/frontend/node_modules/vitest/dist/chunks/test.B8ej_ZHS.js:239:21)"],"meta":{}},{"ancestorTitles":["CompetitionService"],"fullName":"CompetitionService should call attend api correctly","status":"failed","title":"should call attend api correctly","duration":5.144400000001042,"failureMessages":["TypeError: window.matchMedia is not a function\n    at AnalyticsService2.init (C:/Users/Usuario/Desktop/AgilityAsturiass/frontend/src/app/services/analytics.service.ts:47:26)\n    at new AnalyticsService2 (C:/Users/Usuario/Desktop/AgilityAsturiass/frontend/src/app/services/analytics.service.ts:17:10)\n    at Object.AnalyticsService2_Factory [as factory] (ng:///AnalyticsService2/ɵfac.js:5:10)\n    at file:///C:/Users/Usuario/Desktop/AgilityAsturiass/frontend/node_modules/@angular/core/fesm2022/_untracked-chunk.mjs:1311:35\n    at runInInjectorProfilerContext (file:///C:/Users/Usuario/Desktop/AgilityAsturiass/frontend/node_modules/@angular/core/fesm2022/_untracked-chunk.mjs:442:5)\n    at R3Injector.hydrate (file:///C:/Users/Usuario/Desktop/AgilityAsturiass/frontend/node_modules/@angular/core/fesm2022/_untracked-chunk.mjs:1309:11)\n    at R3Injector.get (file:///C:/Users/Usuario/Desktop/AgilityAsturiass/frontend/node_modules/@angular/core/fesm2022/_untracked-chunk.mjs:1201:23)\n    at R3Injector.retrieve (file:///C:/Users/Usuario/Desktop/AgilityAsturiass/frontend/node_modules/@angular/core/fesm2022/_untracked-chunk.mjs:1116:19)\n    at injectInjectorOnly (file:///C:/Users/Usuario/Desktop/AgilityAsturiass/frontend/node_modules/@angular/core/fesm2022/_untracked-chunk.mjs:670:35)\n    at ɵɵinject (file:///C:/Users/Usuario/Desktop/AgilityAsturiass/frontend/node_modules/@angular/core/fesm2022/_untracked-chunk.mjs:682:59)","TypeError: Cannot read properties of undefined (reading 'verify')\n    at C:/Users/Usuario/Desktop/AgilityAsturiass/frontend/src/app/services/competition.service.spec.ts:45:18\n    at file:///C:/Users/Usuario/Desktop/AgilityAsturiass/frontend/node_modules/@vitest/runner/dist/index.js:145:11\n    at file:///C:/Users/Usuario/Desktop/AgilityAsturiass/frontend/node_modules/@vitest/runner/dist/index.js:1243:20\n    at new ZoneAwarePromise (C:/Users/Usuario/Desktop/AgilityAsturiass/frontend/node_modules/zone.js/fesm2015/zone.js:2221:23)\n    at runWithTimeout (file:///C:/Users/Usuario/Desktop/AgilityAsturiass/frontend/node_modules/@vitest/runner/dist/index.js:1209:10)\n    at runHook (file:///C:/Users/Usuario/Desktop/AgilityAsturiass/frontend/node_modules/@vitest/runner/dist/index.js:1514:51)\n    at callSuiteHook (file:///C:/Users/Usuario/Desktop/AgilityAsturiass/frontend/node_modules/@vitest/runner/dist/index.js:1520:25)\n    at file:///C:/Users/Usuario/Desktop/AgilityAsturiass/frontend/node_modules/@vitest/runner/dist/index.js:1676:37\n    at Traces.$ (file:///C:/Users/Usuario/Desktop/AgilityAsturiass/frontend/node_modules/vitest/dist/chunks/traces.CCmnQaNT.js:142:27)\n    at trace (file:///C:/Users/Usuario/Desktop/AgilityAsturiass/frontend/node_modules/vitest/dist/chunks/test.B8ej_ZHS.js:239:21)"],"meta":{}},{"ancestorTitles":["CompetitionService"],"fullName":"CompetitionService should call unattend api correctly","status":"failed","title":"should call unattend api correctly","duration":6.9527000000016415,"failureMessages":["TypeError: window.matchMedia is not a function\n    at AnalyticsService2.init (C:/Users/Usuario/Desktop/AgilityAsturiass/frontend/src/app/services/analytics.service.ts:47:26)\n    at new AnalyticsService2 (C:/Users/Usuario/Desktop/AgilityAsturiass/frontend/src/app/services/analytics.service.ts:17:10)\n    at Object.AnalyticsService2_Factory [as factory] (ng:///AnalyticsService2/ɵfac.js:5:10)\n    at file:///C:/Users/Usuario/Desktop/AgilityAsturiass/frontend/node_modules/@angular/core/fesm2022/_untracked-chunk.mjs:1311:35\n    at runInInjectorProfilerContext (file:///C:/Users/Usuario/Desktop/AgilityAsturiass/frontend/node_modules/@angular/core/fesm2022/_untracked-chunk.mjs:442:5)\n    at R3Injector.hydrate (file:///C:/Users/Usuario/Desktop/AgilityAsturiass/frontend/node_modules/@angular/core/fesm2022/_untracked-chunk.mjs:1309:11)\n    at R3Injector.get (file:///C:/Users/Usuario/Desktop/AgilityAsturiass/frontend/node_modules/@angular/core/fesm2022/_untracked-chunk.mjs:1201:23)\n    at R3Injector.retrieve (file:///C:/Users/Usuario/Desktop/AgilityAsturiass/frontend/node_modules/@angular/core/fesm2022/_untracked-chunk.mjs:1116:19)\n    at injectInjectorOnly (file:///C:/Users/Usuario/Desktop/AgilityAsturiass/frontend/node_modules/@angular/core/fesm2022/_untracked-chunk.mjs:670:35)\n    at ɵɵinject (file:///C:/Users/Usuario/Desktop/AgilityAsturiass/frontend/node_modules/@angular/core/fesm2022/_untracked-chunk.mjs:682:59)","TypeError: Cannot read properties of undefined (reading 'verify')\n    at C:/Users/Usuario/Desktop/AgilityAsturiass/frontend/src/app/services/competition.service.spec.ts:45:18\n    at file:///C:/Users/Usuario/Desktop/AgilityAsturiass/frontend/node_modules/@vitest/runner/dist/index.js:145:11\n    at file:///C:/Users/Usuario/Desktop/AgilityAsturiass/frontend/node_modules/@vitest/runner/dist/index.js:1243:20\n    at new ZoneAwarePromise (C:/Users/Usuario/Desktop/AgilityAsturiass/frontend/node_modules/zone.js/fesm2015/zone.js:2221:23)\n    at runWithTimeout (file:///C:/Users/Usuario/Desktop/AgilityAsturiass/frontend/node_modules/@vitest/runner/dist/index.js:1209:10)\n    at runHook (file:///C:/Users/Usuario/Desktop/AgilityAsturiass/frontend/node_modules/@vitest/runner/dist/index.js:1514:51)\n    at callSuiteHook (file:///C:/Users/Usuario/Desktop/AgilityAsturiass/frontend/node_modules/@vitest/runner/dist/index.js:1520:25)\n    at file:///C:/Users/Usuario/Desktop/AgilityAsturiass/frontend/node_modules/@vitest/runner/dist/index.js:1676:37\n    at Traces.$ (file:///C:/Users/Usuario/Desktop/AgilityAsturiass/frontend/node_modules/vitest/dist/chunks/traces.CCmnQaNT.js:142:27)\n    at trace (file:///C:/Users/Usuario/Desktop/AgilityAsturiass/frontend/node_modules/vitest/dist/chunks/test.B8ej_ZHS.js:239:21)"],"meta":{}},{"ancestorTitles":["CompetitionService"],"fullName":"CompetitionService should call getAttendees api correctly","status":"failed","title":"should call getAttendees api correctly","duration":9.798900000001595,"failureMessages":["TypeError: window.matchMedia is not a function\n    at AnalyticsService2.init (C:/Users/Usuario/Desktop/AgilityAsturiass/frontend/src/app/services/analytics.service.ts:47:26)\n    at new AnalyticsService2 (C:/Users/Usuario/Desktop/AgilityAsturiass/frontend/src/app/services/analytics.service.ts:17:10)\n    at Object.AnalyticsService2_Factory [as factory] (ng:///AnalyticsService2/ɵfac.js:5:10)\n    at file:///C:/Users/Usuario/Desktop/AgilityAsturiass/frontend/node_modules/@angular/core/fesm2022/_untracked-chunk.mjs:1311:35\n    at runInInjectorProfilerContext (file:///C:/Users/Usuario/Desktop/AgilityAsturiass/frontend/node_modules/@angular/core/fesm2022/_untracked-chunk.mjs:442:5)\n    at R3Injector.hydrate (file:///C:/Users/Usuario/Desktop/AgilityAsturiass/frontend/node_modules/@angular/core/fesm2022/_untracked-chunk.mjs:1309:11)\n    at R3Injector.get (file:///C:/Users/Usuario/Desktop/AgilityAsturiass/frontend/node_modules/@angular/core/fesm2022/_untracked-chunk.mjs:1201:23)\n    at R3Injector.retrieve (file:///C:/Users/Usuario/Desktop/AgilityAsturiass/frontend/node_modules/@angular/core/fesm2022/_untracked-chunk.mjs:1116:19)\n    at injectInjectorOnly (file:///C:/Users/Usuario/Desktop/AgilityAsturiass/frontend/node_modules/@angular/core/fesm2022/_untracked-chunk.mjs:670:35)\n    at ɵɵinject (file:///C:/Users/Usuario/Desktop/AgilityAsturiass/frontend/node_modules/@angular/core/fesm2022/_untracked-chunk.mjs:682:59)","TypeError: Cannot read properties of undefined (reading 'verify')\n    at C:/Users/Usuario/Desktop/AgilityAsturiass/frontend/src/app/services/competition.service.spec.ts:45:18\n    at file:///C:/Users/Usuario/Desktop/AgilityAsturiass/frontend/node_modules/@vitest/runner/dist/index.js:145:11\n    at file:///C:/Users/Usuario/Desktop/AgilityAsturiass/frontend/node_modules/@vitest/runner/dist/index.js:1243:20\n    at new ZoneAwarePromise (C:/Users/Usuario/Desktop/AgilityAsturiass/frontend/node_modules/zone.js/fesm2015/zone.js:2221:23)\n    at runWithTimeout (file:///C:/Users/Usuario/Desktop/AgilityAsturiass/frontend/node_modules/@vitest/runner/dist/index.js:1209:10)\n    at runHook (file:///C:/Users/Usuario/Desktop/AgilityAsturiass/frontend/node_modules/@vitest/runner/dist/index.js:1514:51)\n    at callSuiteHook (file:///C:/Users/Usuario/Desktop/AgilityAsturiass/frontend/node_modules/@vitest/runner/dist/index.js:1520:25)\n    at file:///C:/Users/Usuario/Desktop/AgilityAsturiass/frontend/node_modules/@vitest/runner/dist/index.js:1676:37\n    at Traces.$ (file:///C:/Users/Usuario/Desktop/AgilityAsturiass/frontend/node_modules/vitest/dist/chunks/traces.CCmnQaNT.js:142:27)\n    at trace (file:///C:/Users/Usuario/Desktop/AgilityAsturiass/frontend/node_modules/vitest/dist/chunks/test.B8ej_ZHS.js:239:21)"],"meta":{}}],"startTime":1778196791972,"endTime":1778196792113.7988,"status":"failed","message":"","name":"C:/Users/Usuario/Desktop/AgilityAsturiass/frontend/src/app/services/competition.service.spec.ts"},{"assertionResults":[{"ancestorTitles":["OnboardingService"],"fullName":"OnboardingService should be created","status":"passed","title":"should be created","duration":25.261500000000524,"failureMessages":[],"meta":{}},{"ancestorTitles":["OnboardingService"],"fullName":"OnboardingService should activeTutorialType return gestor for admin user with unfinished progress","status":"passed","title":"should activeTutorialType return gestor for admin user with unfinished progress","duration":4.574999999998909,"failureMessages":[],"meta":{}},{"ancestorTitles":["OnboardingService"],"fullName":"OnboardingService should activeTutorialType return staff if admin has finished gestor tutorial","status":"passed","title":"should activeTutorialType return staff if admin has finished gestor tutorial","duration":3.3515000000006694,"failureMessages":[],"meta":{}},{"ancestorTitles":["OnboardingService"],"fullName":"OnboardingService should infer tutorial type from stepId correctly during markStepCompleted","status":"passed","title":"should infer tutorial type from stepId correctly during markStepCompleted","duration":8.059500000001208,"failureMessages":[],"meta":{}},{"ancestorTitles":["OnboardingService"],"fullName":"OnboardingService should call finishTutorial and show congratulations when member completes all steps","status":"passed","title":"should call finishTutorial and show congratulations when member completes all steps","duration":183.35289999999986,"failureMessages":[],"meta":{}}],"startTime":1778196794079,"endTime":1778196794304.3528,"status":"passed","message":"","name":"C:/Users/Usuario/Desktop/AgilityAsturiass/frontend/src/app/services/onboarding.service.spec.ts"},{"assertionResults":[{"ancestorTitles":["Onboarding"],"fullName":"Onboarding should be created","status":"failed","title":"should be created","duration":32.054900000001,"failureMessages":["TypeError: Cannot read properties of undefined (reading 'hasOwnProperty')\n    at R3Injector.get (file:///C:/Users/Usuario/Desktop/AgilityAsturiass/frontend/node_modules/@angular/core/fesm2022/_untracked-chunk.mjs:1170:15)\n    at _TestBedImpl.inject (C:/Users/Usuario/Desktop/AgilityAsturiass/k8-fastbuild-ST-fdfa778d11ba/bin/packages/core/testing/src/test_bed.ts:606:48)\n    at Function.inject (C:/Users/Usuario/Desktop/AgilityAsturiass/k8-fastbuild-ST-fdfa778d11ba/bin/packages/core/testing/src/test_bed.ts:398:33)\n    at C:/Users/Usuario/Desktop/AgilityAsturiass/frontend/src/app/services/onboarding.spec.ts:10:23\n    at file:///C:/Users/Usuario/Desktop/AgilityAsturiass/frontend/node_modules/@vitest/runner/dist/index.js:145:11\n    at file:///C:/Users/Usuario/Desktop/AgilityAsturiass/frontend/node_modules/@vitest/runner/dist/index.js:1243:20\n    at new ZoneAwarePromise (C:/Users/Usuario/Desktop/AgilityAsturiass/frontend/node_modules/zone.js/fesm2015/zone.js:2221:23)\n    at runWithTimeout (file:///C:/Users/Usuario/Desktop/AgilityAsturiass/frontend/node_modules/@vitest/runner/dist/index.js:1209:10)\n    at runHook (file:///C:/Users/Usuario/Desktop/AgilityAsturiass/frontend/node_modules/@vitest/runner/dist/index.js:1514:51)\n    at callSuiteHook (file:///C:/Users/Usuario/Desktop/AgilityAsturiass/frontend/node_modules/@vitest/runner/dist/index.js:1520:25)"],"meta":{}}],"startTime":1778196793135,"endTime":1778196793167.055,"status":"failed","message":"","name":"C:/Users/Usuario/Desktop/AgilityAsturiass/frontend/src/app/services/onboarding.spec.ts"},{"assertionResults":[{"ancestorTitles":["ReservationService (Exceptions)"],"fullName":"ReservationService (Exceptions) should be created","status":"failed","title":"should be created","duration":21.958999999998923,"failureMessages":["TypeError: window.matchMedia is not a function\n    at AnalyticsService2.init (C:/Users/Usuario/Desktop/AgilityAsturiass/frontend/src/app/services/analytics.service.ts:47:26)\n    at new AnalyticsService2 (C:/Users/Usuario/Desktop/AgilityAsturiass/frontend/src/app/services/analytics.service.ts:17:10)\n    at Object.AnalyticsService2_Factory [as factory] (ng:///AnalyticsService2/ɵfac.js:5:10)\n    at file:///C:/Users/Usuario/Desktop/AgilityAsturiass/frontend/node_modules/@angular/core/fesm2022/_untracked-chunk.mjs:1311:35\n    at runInInjectorProfilerContext (file:///C:/Users/Usuario/Desktop/AgilityAsturiass/frontend/node_modules/@angular/core/fesm2022/_untracked-chunk.mjs:442:5)\n    at R3Injector.hydrate (file:///C:/Users/Usuario/Desktop/AgilityAsturiass/frontend/node_modules/@angular/core/fesm2022/_untracked-chunk.mjs:1309:11)\n    at R3Injector.get (file:///C:/Users/Usuario/Desktop/AgilityAsturiass/frontend/node_modules/@angular/core/fesm2022/_untracked-chunk.mjs:1201:23)\n    at R3Injector.retrieve (file:///C:/Users/Usuario/Desktop/AgilityAsturiass/frontend/node_modules/@angular/core/fesm2022/_untracked-chunk.mjs:1116:19)\n    at injectInjectorOnly (file:///C:/Users/Usuario/Desktop/AgilityAsturiass/frontend/node_modules/@angular/core/fesm2022/_untracked-chunk.mjs:670:35)\n    at ɵɵinject (file:///C:/Users/Usuario/Desktop/AgilityAsturiass/frontend/node_modules/@angular/core/fesm2022/_untracked-chunk.mjs:682:59)","TypeError: Cannot read properties of undefined (reading 'verify')\n    at C:/Users/Usuario/Desktop/AgilityAsturiass/frontend/src/app/services/reservation.service.spec.ts:30:18\n    at file:///C:/Users/Usuario/Desktop/AgilityAsturiass/frontend/node_modules/@vitest/runner/dist/index.js:145:11\n    at file:///C:/Users/Usuario/Desktop/AgilityAsturiass/frontend/node_modules/@vitest/runner/dist/index.js:1243:20\n    at new ZoneAwarePromise (C:/Users/Usuario/Desktop/AgilityAsturiass/frontend/node_modules/zone.js/fesm2015/zone.js:2221:23)\n    at runWithTimeout (file:///C:/Users/Usuario/Desktop/AgilityAsturiass/frontend/node_modules/@vitest/runner/dist/index.js:1209:10)\n    at runHook (file:///C:/Users/Usuario/Desktop/AgilityAsturiass/frontend/node_modules/@vitest/runner/dist/index.js:1514:51)\n    at callSuiteHook (file:///C:/Users/Usuario/Desktop/AgilityAsturiass/frontend/node_modules/@vitest/runner/dist/index.js:1520:25)\n    at file:///C:/Users/Usuario/Desktop/AgilityAsturiass/frontend/node_modules/@vitest/runner/dist/index.js:1676:37\n    at Traces.$ (file:///C:/Users/Usuario/Desktop/AgilityAsturiass/frontend/node_modules/vitest/dist/chunks/traces.CCmnQaNT.js:142:27)\n    at trace (file:///C:/Users/Usuario/Desktop/AgilityAsturiass/frontend/node_modules/vitest/dist/chunks/test.B8ej_ZHS.js:239:21)"],"meta":{}},{"ancestorTitles":["ReservationService (Exceptions)"],"fullName":"ReservationService (Exceptions) should fetch exceptions and update the signal","status":"failed","title":"should fetch exceptions and update the signal","duration":8.757299999999304,"failureMessages":["TypeError: window.matchMedia is not a function\n    at AnalyticsService2.init (C:/Users/Usuario/Desktop/AgilityAsturiass/frontend/src/app/services/analytics.service.ts:47:26)\n    at new AnalyticsService2 (C:/Users/Usuario/Desktop/AgilityAsturiass/frontend/src/app/services/analytics.service.ts:17:10)\n    at Object.AnalyticsService2_Factory [as factory] (ng:///AnalyticsService2/ɵfac.js:5:10)\n    at file:///C:/Users/Usuario/Desktop/AgilityAsturiass/frontend/node_modules/@angular/core/fesm2022/_untracked-chunk.mjs:1311:35\n    at runInInjectorProfilerContext (file:///C:/Users/Usuario/Desktop/AgilityAsturiass/frontend/node_modules/@angular/core/fesm2022/_untracked-chunk.mjs:442:5)\n    at R3Injector.hydrate (file:///C:/Users/Usuario/Desktop/AgilityAsturiass/frontend/node_modules/@angular/core/fesm2022/_untracked-chunk.mjs:1309:11)\n    at R3Injector.get (file:///C:/Users/Usuario/Desktop/AgilityAsturiass/frontend/node_modules/@angular/core/fesm2022/_untracked-chunk.mjs:1201:23)\n    at R3Injector.retrieve (file:///C:/Users/Usuario/Desktop/AgilityAsturiass/frontend/node_modules/@angular/core/fesm2022/_untracked-chunk.mjs:1116:19)\n    at injectInjectorOnly (file:///C:/Users/Usuario/Desktop/AgilityAsturiass/frontend/node_modules/@angular/core/fesm2022/_untracked-chunk.mjs:670:35)\n    at ɵɵinject (file:///C:/Users/Usuario/Desktop/AgilityAsturiass/frontend/node_modules/@angular/core/fesm2022/_untracked-chunk.mjs:682:59)","TypeError: Cannot read properties of undefined (reading 'verify')\n    at C:/Users/Usuario/Desktop/AgilityAsturiass/frontend/src/app/services/reservation.service.spec.ts:30:18\n    at file:///C:/Users/Usuario/Desktop/AgilityAsturiass/frontend/node_modules/@vitest/runner/dist/index.js:145:11\n    at file:///C:/Users/Usuario/Desktop/AgilityAsturiass/frontend/node_modules/@vitest/runner/dist/index.js:1243:20\n    at new ZoneAwarePromise (C:/Users/Usuario/Desktop/AgilityAsturiass/frontend/node_modules/zone.js/fesm2015/zone.js:2221:23)\n    at runWithTimeout (file:///C:/Users/Usuario/Desktop/AgilityAsturiass/frontend/node_modules/@vitest/runner/dist/index.js:1209:10)\n    at runHook (file:///C:/Users/Usuario/Desktop/AgilityAsturiass/frontend/node_modules/@vitest/runner/dist/index.js:1514:51)\n    at callSuiteHook (file:///C:/Users/Usuario/Desktop/AgilityAsturiass/frontend/node_modules/@vitest/runner/dist/index.js:1520:25)\n    at file:///C:/Users/Usuario/Desktop/AgilityAsturiass/frontend/node_modules/@vitest/runner/dist/index.js:1676:37\n    at Traces.$ (file:///C:/Users/Usuario/Desktop/AgilityAsturiass/frontend/node_modules/vitest/dist/chunks/traces.CCmnQaNT.js:142:27)\n    at trace (file:///C:/Users/Usuario/Desktop/AgilityAsturiass/frontend/node_modules/vitest/dist/chunks/test.B8ej_ZHS.js:239:21)"],"meta":{}},{"ancestorTitles":["ReservationService (Exceptions)"],"fullName":"ReservationService (Exceptions) should add an exception and refresh the list","status":"failed","title":"should add an exception and refresh the list","duration":5.632800000001225,"failureMessages":["TypeError: window.matchMedia is not a function\n    at AnalyticsService2.init (C:/Users/Usuario/Desktop/AgilityAsturiass/frontend/src/app/services/analytics.service.ts:47:26)\n    at new AnalyticsService2 (C:/Users/Usuario/Desktop/AgilityAsturiass/frontend/src/app/services/analytics.service.ts:17:10)\n    at Object.AnalyticsService2_Factory [as factory] (ng:///AnalyticsService2/ɵfac.js:5:10)\n    at file:///C:/Users/Usuario/Desktop/AgilityAsturiass/frontend/node_modules/@angular/core/fesm2022/_untracked-chunk.mjs:1311:35\n    at runInInjectorProfilerContext (file:///C:/Users/Usuario/Desktop/AgilityAsturiass/frontend/node_modules/@angular/core/fesm2022/_untracked-chunk.mjs:442:5)\n    at R3Injector.hydrate (file:///C:/Users/Usuario/Desktop/AgilityAsturiass/frontend/node_modules/@angular/core/fesm2022/_untracked-chunk.mjs:1309:11)\n    at R3Injector.get (file:///C:/Users/Usuario/Desktop/AgilityAsturiass/frontend/node_modules/@angular/core/fesm2022/_untracked-chunk.mjs:1201:23)\n    at R3Injector.retrieve (file:///C:/Users/Usuario/Desktop/AgilityAsturiass/frontend/node_modules/@angular/core/fesm2022/_untracked-chunk.mjs:1116:19)\n    at injectInjectorOnly (file:///C:/Users/Usuario/Desktop/AgilityAsturiass/frontend/node_modules/@angular/core/fesm2022/_untracked-chunk.mjs:670:35)\n    at ɵɵinject (file:///C:/Users/Usuario/Desktop/AgilityAsturiass/frontend/node_modules/@angular/core/fesm2022/_untracked-chunk.mjs:682:59)","TypeError: Cannot read properties of undefined (reading 'verify')\n    at C:/Users/Usuario/Desktop/AgilityAsturiass/frontend/src/app/services/reservation.service.spec.ts:30:18\n    at file:///C:/Users/Usuario/Desktop/AgilityAsturiass/frontend/node_modules/@vitest/runner/dist/index.js:145:11\n    at file:///C:/Users/Usuario/Desktop/AgilityAsturiass/frontend/node_modules/@vitest/runner/dist/index.js:1243:20\n    at new ZoneAwarePromise (C:/Users/Usuario/Desktop/AgilityAsturiass/frontend/node_modules/zone.js/fesm2015/zone.js:2221:23)\n    at runWithTimeout (file:///C:/Users/Usuario/Desktop/AgilityAsturiass/frontend/node_modules/@vitest/runner/dist/index.js:1209:10)\n    at runHook (file:///C:/Users/Usuario/Desktop/AgilityAsturiass/frontend/node_modules/@vitest/runner/dist/index.js:1514:51)\n    at callSuiteHook (file:///C:/Users/Usuario/Desktop/AgilityAsturiass/frontend/node_modules/@vitest/runner/dist/index.js:1520:25)\n    at file:///C:/Users/Usuario/Desktop/AgilityAsturiass/frontend/node_modules/@vitest/runner/dist/index.js:1676:37\n    at Traces.$ (file:///C:/Users/Usuario/Desktop/AgilityAsturiass/frontend/node_modules/vitest/dist/chunks/traces.CCmnQaNT.js:142:27)\n    at trace (file:///C:/Users/Usuario/Desktop/AgilityAsturiass/frontend/node_modules/vitest/dist/chunks/test.B8ej_ZHS.js:239:21)"],"meta":{}},{"ancestorTitles":["ReservationService (Exceptions)"],"fullName":"ReservationService (Exceptions) should delete an exception and refresh the list","status":"failed","title":"should delete an exception and refresh the list","duration":7.763199999999415,"failureMessages":["TypeError: window.matchMedia is not a function\n    at AnalyticsService2.init (C:/Users/Usuario/Desktop/AgilityAsturiass/frontend/src/app/services/analytics.service.ts:47:26)\n    at new AnalyticsService2 (C:/Users/Usuario/Desktop/AgilityAsturiass/frontend/src/app/services/analytics.service.ts:17:10)\n    at Object.AnalyticsService2_Factory [as factory] (ng:///AnalyticsService2/ɵfac.js:5:10)\n    at file:///C:/Users/Usuario/Desktop/AgilityAsturiass/frontend/node_modules/@angular/core/fesm2022/_untracked-chunk.mjs:1311:35\n    at runInInjectorProfilerContext (file:///C:/Users/Usuario/Desktop/AgilityAsturiass/frontend/node_modules/@angular/core/fesm2022/_untracked-chunk.mjs:442:5)\n    at R3Injector.hydrate (file:///C:/Users/Usuario/Desktop/AgilityAsturiass/frontend/node_modules/@angular/core/fesm2022/_untracked-chunk.mjs:1309:11)\n    at R3Injector.get (file:///C:/Users/Usuario/Desktop/AgilityAsturiass/frontend/node_modules/@angular/core/fesm2022/_untracked-chunk.mjs:1201:23)\n    at R3Injector.retrieve (file:///C:/Users/Usuario/Desktop/AgilityAsturiass/frontend/node_modules/@angular/core/fesm2022/_untracked-chunk.mjs:1116:19)\n    at injectInjectorOnly (file:///C:/Users/Usuario/Desktop/AgilityAsturiass/frontend/node_modules/@angular/core/fesm2022/_untracked-chunk.mjs:670:35)\n    at ɵɵinject (file:///C:/Users/Usuario/Desktop/AgilityAsturiass/frontend/node_modules/@angular/core/fesm2022/_untracked-chunk.mjs:682:59)","TypeError: Cannot read properties of undefined (reading 'verify')\n    at C:/Users/Usuario/Desktop/AgilityAsturiass/frontend/src/app/services/reservation.service.spec.ts:30:18\n    at file:///C:/Users/Usuario/Desktop/AgilityAsturiass/frontend/node_modules/@vitest/runner/dist/index.js:145:11\n    at file:///C:/Users/Usuario/Desktop/AgilityAsturiass/frontend/node_modules/@vitest/runner/dist/index.js:1243:20\n    at new ZoneAwarePromise (C:/Users/Usuario/Desktop/AgilityAsturiass/frontend/node_modules/zone.js/fesm2015/zone.js:2221:23)\n    at runWithTimeout (file:///C:/Users/Usuario/Desktop/AgilityAsturiass/frontend/node_modules/@vitest/runner/dist/index.js:1209:10)\n    at runHook (file:///C:/Users/Usuario/Desktop/AgilityAsturiass/frontend/node_modules/@vitest/runner/dist/index.js:1514:51)\n    at callSuiteHook (file:///C:/Users/Usuario/Desktop/AgilityAsturiass/frontend/node_modules/@vitest/runner/dist/index.js:1520:25)\n    at file:///C:/Users/Usuario/Desktop/AgilityAsturiass/frontend/node_modules/@vitest/runner/dist/index.js:1676:37\n    at Traces.$ (file:///C:/Users/Usuario/Desktop/AgilityAsturiass/frontend/node_modules/vitest/dist/chunks/traces.CCmnQaNT.js:142:27)\n    at trace (file:///C:/Users/Usuario/Desktop/AgilityAsturiass/frontend/node_modules/vitest/dist/chunks/test.B8ej_ZHS.js:239:21)"],"meta":{}}],"startTime":1778196793022,"endTime":1778196793066.7632,"status":"failed","message":"","name":"C:/Users/Usuario/Desktop/AgilityAsturiass/frontend/src/app/services/reservation.service.spec.ts"},{"assertionResults":[{"ancestorTitles":["RsceTrackService"],"fullName":"RsceTrackService should be created","status":"failed","title":"should be created","duration":59.031699999999546,"failureMessages":["TypeError: window.matchMedia is not a function\n    at AnalyticsService2.init (C:/Users/Usuario/Desktop/AgilityAsturiass/frontend/src/app/services/analytics.service.ts:47:26)\n    at new AnalyticsService2 (C:/Users/Usuario/Desktop/AgilityAsturiass/frontend/src/app/services/analytics.service.ts:17:10)\n    at Object.AnalyticsService2_Factory [as factory] (ng:///AnalyticsService2/ɵfac.js:5:10)\n    at file:///C:/Users/Usuario/Desktop/AgilityAsturiass/frontend/node_modules/@angular/core/fesm2022/_untracked-chunk.mjs:1311:35\n    at runInInjectorProfilerContext (file:///C:/Users/Usuario/Desktop/AgilityAsturiass/frontend/node_modules/@angular/core/fesm2022/_untracked-chunk.mjs:442:5)\n    at R3Injector.hydrate (file:///C:/Users/Usuario/Desktop/AgilityAsturiass/frontend/node_modules/@angular/core/fesm2022/_untracked-chunk.mjs:1309:11)\n    at R3Injector.get (file:///C:/Users/Usuario/Desktop/AgilityAsturiass/frontend/node_modules/@angular/core/fesm2022/_untracked-chunk.mjs:1201:23)\n    at R3Injector.retrieve (file:///C:/Users/Usuario/Desktop/AgilityAsturiass/frontend/node_modules/@angular/core/fesm2022/_untracked-chunk.mjs:1116:19)\n    at injectInjectorOnly (file:///C:/Users/Usuario/Desktop/AgilityAsturiass/frontend/node_modules/@angular/core/fesm2022/_untracked-chunk.mjs:670:35)\n    at ɵɵinject (file:///C:/Users/Usuario/Desktop/AgilityAsturiass/frontend/node_modules/@angular/core/fesm2022/_untracked-chunk.mjs:682:59)","TypeError: Cannot read properties of undefined (reading 'verify')\n    at C:/Users/Usuario/Desktop/AgilityAsturiass/frontend/src/app/services/rsce-track.service.spec.ts:25:14\n    at file:///C:/Users/Usuario/Desktop/AgilityAsturiass/frontend/node_modules/@vitest/runner/dist/index.js:145:11\n    at file:///C:/Users/Usuario/Desktop/AgilityAsturiass/frontend/node_modules/@vitest/runner/dist/index.js:1243:20\n    at new ZoneAwarePromise (C:/Users/Usuario/Desktop/AgilityAsturiass/frontend/node_modules/zone.js/fesm2015/zone.js:2221:23)\n    at runWithTimeout (file:///C:/Users/Usuario/Desktop/AgilityAsturiass/frontend/node_modules/@vitest/runner/dist/index.js:1209:10)\n    at runHook (file:///C:/Users/Usuario/Desktop/AgilityAsturiass/frontend/node_modules/@vitest/runner/dist/index.js:1514:51)\n    at callSuiteHook (file:///C:/Users/Usuario/Desktop/AgilityAsturiass/frontend/node_modules/@vitest/runner/dist/index.js:1520:25)\n    at file:///C:/Users/Usuario/Desktop/AgilityAsturiass/frontend/node_modules/@vitest/runner/dist/index.js:1676:37\n    at Traces.$ (file:///C:/Users/Usuario/Desktop/AgilityAsturiass/frontend/node_modules/vitest/dist/chunks/traces.CCmnQaNT.js:142:27)\n    at trace (file:///C:/Users/Usuario/Desktop/AgilityAsturiass/frontend/node_modules/vitest/dist/chunks/test.B8ej_ZHS.js:239:21)"],"meta":{}},{"ancestorTitles":["RsceTrackService"],"fullName":"RsceTrackService should get tracks via GET","status":"failed","title":"should get tracks via GET","duration":16.949399999999514,"failureMessages":["TypeError: window.matchMedia is not a function\n    at AnalyticsService2.init (C:/Users/Usuario/Desktop/AgilityAsturiass/frontend/src/app/services/analytics.service.ts:47:26)\n    at new AnalyticsService2 (C:/Users/Usuario/Desktop/AgilityAsturiass/frontend/src/app/services/analytics.service.ts:17:10)\n    at Object.AnalyticsService2_Factory [as factory] (ng:///AnalyticsService2/ɵfac.js:5:10)\n    at file:///C:/Users/Usuario/Desktop/AgilityAsturiass/frontend/node_modules/@angular/core/fesm2022/_untracked-chunk.mjs:1311:35\n    at runInInjectorProfilerContext (file:///C:/Users/Usuario/Desktop/AgilityAsturiass/frontend/node_modules/@angular/core/fesm2022/_untracked-chunk.mjs:442:5)\n    at R3Injector.hydrate (file:///C:/Users/Usuario/Desktop/AgilityAsturiass/frontend/node_modules/@angular/core/fesm2022/_untracked-chunk.mjs:1309:11)\n    at R3Injector.get (file:///C:/Users/Usuario/Desktop/AgilityAsturiass/frontend/node_modules/@angular/core/fesm2022/_untracked-chunk.mjs:1201:23)\n    at R3Injector.retrieve (file:///C:/Users/Usuario/Desktop/AgilityAsturiass/frontend/node_modules/@angular/core/fesm2022/_untracked-chunk.mjs:1116:19)\n    at injectInjectorOnly (file:///C:/Users/Usuario/Desktop/AgilityAsturiass/frontend/node_modules/@angular/core/fesm2022/_untracked-chunk.mjs:670:35)\n    at ɵɵinject (file:///C:/Users/Usuario/Desktop/AgilityAsturiass/frontend/node_modules/@angular/core/fesm2022/_untracked-chunk.mjs:682:59)","TypeError: Cannot read properties of undefined (reading 'verify')\n    at C:/Users/Usuario/Desktop/AgilityAsturiass/frontend/src/app/services/rsce-track.service.spec.ts:25:14\n    at file:///C:/Users/Usuario/Desktop/AgilityAsturiass/frontend/node_modules/@vitest/runner/dist/index.js:145:11\n    at file:///C:/Users/Usuario/Desktop/AgilityAsturiass/frontend/node_modules/@vitest/runner/dist/index.js:1243:20\n    at new ZoneAwarePromise (C:/Users/Usuario/Desktop/AgilityAsturiass/frontend/node_modules/zone.js/fesm2015/zone.js:2221:23)\n    at runWithTimeout (file:///C:/Users/Usuario/Desktop/AgilityAsturiass/frontend/node_modules/@vitest/runner/dist/index.js:1209:10)\n    at runHook (file:///C:/Users/Usuario/Desktop/AgilityAsturiass/frontend/node_modules/@vitest/runner/dist/index.js:1514:51)\n    at callSuiteHook (file:///C:/Users/Usuario/Desktop/AgilityAsturiass/frontend/node_modules/@vitest/runner/dist/index.js:1520:25)\n    at file:///C:/Users/Usuario/Desktop/AgilityAsturiass/frontend/node_modules/@vitest/runner/dist/index.js:1676:37\n    at Traces.$ (file:///C:/Users/Usuario/Desktop/AgilityAsturiass/frontend/node_modules/vitest/dist/chunks/traces.CCmnQaNT.js:142:27)\n    at trace (file:///C:/Users/Usuario/Desktop/AgilityAsturiass/frontend/node_modules/vitest/dist/chunks/test.B8ej_ZHS.js:239:21)"],"meta":{}},{"ancestorTitles":["RsceTrackService"],"fullName":"RsceTrackService should add track via POST","status":"failed","title":"should add track via POST","duration":7.422700000000987,"failureMessages":["TypeError: window.matchMedia is not a function\n    at AnalyticsService2.init (C:/Users/Usuario/Desktop/AgilityAsturiass/frontend/src/app/services/analytics.service.ts:47:26)\n    at new AnalyticsService2 (C:/Users/Usuario/Desktop/AgilityAsturiass/frontend/src/app/services/analytics.service.ts:17:10)\n    at Object.AnalyticsService2_Factory [as factory] (ng:///AnalyticsService2/ɵfac.js:5:10)\n    at file:///C:/Users/Usuario/Desktop/AgilityAsturiass/frontend/node_modules/@angular/core/fesm2022/_untracked-chunk.mjs:1311:35\n    at runInInjectorProfilerContext (file:///C:/Users/Usuario/Desktop/AgilityAsturiass/frontend/node_modules/@angular/core/fesm2022/_untracked-chunk.mjs:442:5)\n    at R3Injector.hydrate (file:///C:/Users/Usuario/Desktop/AgilityAsturiass/frontend/node_modules/@angular/core/fesm2022/_untracked-chunk.mjs:1309:11)\n    at R3Injector.get (file:///C:/Users/Usuario/Desktop/AgilityAsturiass/frontend/node_modules/@angular/core/fesm2022/_untracked-chunk.mjs:1201:23)\n    at R3Injector.retrieve (file:///C:/Users/Usuario/Desktop/AgilityAsturiass/frontend/node_modules/@angular/core/fesm2022/_untracked-chunk.mjs:1116:19)\n    at injectInjectorOnly (file:///C:/Users/Usuario/Desktop/AgilityAsturiass/frontend/node_modules/@angular/core/fesm2022/_untracked-chunk.mjs:670:35)\n    at ɵɵinject (file:///C:/Users/Usuario/Desktop/AgilityAsturiass/frontend/node_modules/@angular/core/fesm2022/_untracked-chunk.mjs:682:59)","TypeError: Cannot read properties of undefined (reading 'verify')\n    at C:/Users/Usuario/Desktop/AgilityAsturiass/frontend/src/app/services/rsce-track.service.spec.ts:25:14\n    at file:///C:/Users/Usuario/Desktop/AgilityAsturiass/frontend/node_modules/@vitest/runner/dist/index.js:145:11\n    at file:///C:/Users/Usuario/Desktop/AgilityAsturiass/frontend/node_modules/@vitest/runner/dist/index.js:1243:20\n    at new ZoneAwarePromise (C:/Users/Usuario/Desktop/AgilityAsturiass/frontend/node_modules/zone.js/fesm2015/zone.js:2221:23)\n    at runWithTimeout (file:///C:/Users/Usuario/Desktop/AgilityAsturiass/frontend/node_modules/@vitest/runner/dist/index.js:1209:10)\n    at runHook (file:///C:/Users/Usuario/Desktop/AgilityAsturiass/frontend/node_modules/@vitest/runner/dist/index.js:1514:51)\n    at callSuiteHook (file:///C:/Users/Usuario/Desktop/AgilityAsturiass/frontend/node_modules/@vitest/runner/dist/index.js:1520:25)\n    at file:///C:/Users/Usuario/Desktop/AgilityAsturiass/frontend/node_modules/@vitest/runner/dist/index.js:1676:37\n    at Traces.$ (file:///C:/Users/Usuario/Desktop/AgilityAsturiass/frontend/node_modules/vitest/dist/chunks/traces.CCmnQaNT.js:142:27)\n    at trace (file:///C:/Users/Usuario/Desktop/AgilityAsturiass/frontend/node_modules/vitest/dist/chunks/test.B8ej_ZHS.js:239:21)"],"meta":{}},{"ancestorTitles":["RsceTrackService"],"fullName":"RsceTrackService should update track via POST","status":"failed","title":"should update track via POST","duration":6.173600000000079,"failureMessages":["TypeError: window.matchMedia is not a function\n    at AnalyticsService2.init (C:/Users/Usuario/Desktop/AgilityAsturiass/frontend/src/app/services/analytics.service.ts:47:26)\n    at new AnalyticsService2 (C:/Users/Usuario/Desktop/AgilityAsturiass/frontend/src/app/services/analytics.service.ts:17:10)\n    at Object.AnalyticsService2_Factory [as factory] (ng:///AnalyticsService2/ɵfac.js:5:10)\n    at file:///C:/Users/Usuario/Desktop/AgilityAsturiass/frontend/node_modules/@angular/core/fesm2022/_untracked-chunk.mjs:1311:35\n    at runInInjectorProfilerContext (file:///C:/Users/Usuario/Desktop/AgilityAsturiass/frontend/node_modules/@angular/core/fesm2022/_untracked-chunk.mjs:442:5)\n    at R3Injector.hydrate (file:///C:/Users/Usuario/Desktop/AgilityAsturiass/frontend/node_modules/@angular/core/fesm2022/_untracked-chunk.mjs:1309:11)\n    at R3Injector.get (file:///C:/Users/Usuario/Desktop/AgilityAsturiass/frontend/node_modules/@angular/core/fesm2022/_untracked-chunk.mjs:1201:23)\n    at R3Injector.retrieve (file:///C:/Users/Usuario/Desktop/AgilityAsturiass/frontend/node_modules/@angular/core/fesm2022/_untracked-chunk.mjs:1116:19)\n    at injectInjectorOnly (file:///C:/Users/Usuario/Desktop/AgilityAsturiass/frontend/node_modules/@angular/core/fesm2022/_untracked-chunk.mjs:670:35)\n    at ɵɵinject (file:///C:/Users/Usuario/Desktop/AgilityAsturiass/frontend/node_modules/@angular/core/fesm2022/_untracked-chunk.mjs:682:59)","TypeError: Cannot read properties of undefined (reading 'verify')\n    at C:/Users/Usuario/Desktop/AgilityAsturiass/frontend/src/app/services/rsce-track.service.spec.ts:25:14\n    at file:///C:/Users/Usuario/Desktop/AgilityAsturiass/frontend/node_modules/@vitest/runner/dist/index.js:145:11\n    at file:///C:/Users/Usuario/Desktop/AgilityAsturiass/frontend/node_modules/@vitest/runner/dist/index.js:1243:20\n    at new ZoneAwarePromise (C:/Users/Usuario/Desktop/AgilityAsturiass/frontend/node_modules/zone.js/fesm2015/zone.js:2221:23)\n    at runWithTimeout (file:///C:/Users/Usuario/Desktop/AgilityAsturiass/frontend/node_modules/@vitest/runner/dist/index.js:1209:10)\n    at runHook (file:///C:/Users/Usuario/Desktop/AgilityAsturiass/frontend/node_modules/@vitest/runner/dist/index.js:1514:51)\n    at callSuiteHook (file:///C:/Users/Usuario/Desktop/AgilityAsturiass/frontend/node_modules/@vitest/runner/dist/index.js:1520:25)\n    at file:///C:/Users/Usuario/Desktop/AgilityAsturiass/frontend/node_modules/@vitest/runner/dist/index.js:1676:37\n    at Traces.$ (file:///C:/Users/Usuario/Desktop/AgilityAsturiass/frontend/node_modules/vitest/dist/chunks/traces.CCmnQaNT.js:142:27)\n    at trace (file:///C:/Users/Usuario/Desktop/AgilityAsturiass/frontend/node_modules/vitest/dist/chunks/test.B8ej_ZHS.js:239:21)"],"meta":{}},{"ancestorTitles":["RsceTrackService"],"fullName":"RsceTrackService should delete track via POST","status":"failed","title":"should delete track via POST","duration":7.940000000000509,"failureMessages":["TypeError: window.matchMedia is not a function\n    at AnalyticsService2.init (C:/Users/Usuario/Desktop/AgilityAsturiass/frontend/src/app/services/analytics.service.ts:47:26)\n    at new AnalyticsService2 (C:/Users/Usuario/Desktop/AgilityAsturiass/frontend/src/app/services/analytics.service.ts:17:10)\n    at Object.AnalyticsService2_Factory [as factory] (ng:///AnalyticsService2/ɵfac.js:5:10)\n    at file:///C:/Users/Usuario/Desktop/AgilityAsturiass/frontend/node_modules/@angular/core/fesm2022/_untracked-chunk.mjs:1311:35\n    at runInInjectorProfilerContext (file:///C:/Users/Usuario/Desktop/AgilityAsturiass/frontend/node_modules/@angular/core/fesm2022/_untracked-chunk.mjs:442:5)\n    at R3Injector.hydrate (file:///C:/Users/Usuario/Desktop/AgilityAsturiass/frontend/node_modules/@angular/core/fesm2022/_untracked-chunk.mjs:1309:11)\n    at R3Injector.get (file:///C:/Users/Usuario/Desktop/AgilityAsturiass/frontend/node_modules/@angular/core/fesm2022/_untracked-chunk.mjs:1201:23)\n    at R3Injector.retrieve (file:///C:/Users/Usuario/Desktop/AgilityAsturiass/frontend/node_modules/@angular/core/fesm2022/_untracked-chunk.mjs:1116:19)\n    at injectInjectorOnly (file:///C:/Users/Usuario/Desktop/AgilityAsturiass/frontend/node_modules/@angular/core/fesm2022/_untracked-chunk.mjs:670:35)\n    at ɵɵinject (file:///C:/Users/Usuario/Desktop/AgilityAsturiass/frontend/node_modules/@angular/core/fesm2022/_untracked-chunk.mjs:682:59)","TypeError: Cannot read properties of undefined (reading 'verify')\n    at C:/Users/Usuario/Desktop/AgilityAsturiass/frontend/src/app/services/rsce-track.service.spec.ts:25:14\n    at file:///C:/Users/Usuario/Desktop/AgilityAsturiass/frontend/node_modules/@vitest/runner/dist/index.js:145:11\n    at file:///C:/Users/Usuario/Desktop/AgilityAsturiass/frontend/node_modules/@vitest/runner/dist/index.js:1243:20\n    at new ZoneAwarePromise (C:/Users/Usuario/Desktop/AgilityAsturiass/frontend/node_modules/zone.js/fesm2015/zone.js:2221:23)\n    at runWithTimeout (file:///C:/Users/Usuario/Desktop/AgilityAsturiass/frontend/node_modules/@vitest/runner/dist/index.js:1209:10)\n    at runHook (file:///C:/Users/Usuario/Desktop/AgilityAsturiass/frontend/node_modules/@vitest/runner/dist/index.js:1514:51)\n    at callSuiteHook (file:///C:/Users/Usuario/Desktop/AgilityAsturiass/frontend/node_modules/@vitest/runner/dist/index.js:1520:25)\n    at file:///C:/Users/Usuario/Desktop/AgilityAsturiass/frontend/node_modules/@vitest/runner/dist/index.js:1676:37\n    at Traces.$ (file:///C:/Users/Usuario/Desktop/AgilityAsturiass/frontend/node_modules/vitest/dist/chunks/traces.CCmnQaNT.js:142:27)\n    at trace (file:///C:/Users/Usuario/Desktop/AgilityAsturiass/frontend/node_modules/vitest/dist/chunks/test.B8ej_ZHS.js:239:21)"],"meta":{}},{"ancestorTitles":["RsceTrackService"],"fullName":"RsceTrackService should get admin monitor data via GET","status":"failed","title":"should get admin monitor data via GET","duration":17.611299999998664,"failureMessages":["TypeError: window.matchMedia is not a function\n    at AnalyticsService2.init (C:/Users/Usuario/Desktop/AgilityAsturiass/frontend/src/app/services/analytics.service.ts:47:26)\n    at new AnalyticsService2 (C:/Users/Usuario/Desktop/AgilityAsturiass/frontend/src/app/services/analytics.service.ts:17:10)\n    at Object.AnalyticsService2_Factory [as factory] (ng:///AnalyticsService2/ɵfac.js:5:10)\n    at file:///C:/Users/Usuario/Desktop/AgilityAsturiass/frontend/node_modules/@angular/core/fesm2022/_untracked-chunk.mjs:1311:35\n    at runInInjectorProfilerContext (file:///C:/Users/Usuario/Desktop/AgilityAsturiass/frontend/node_modules/@angular/core/fesm2022/_untracked-chunk.mjs:442:5)\n    at R3Injector.hydrate (file:///C:/Users/Usuario/Desktop/AgilityAsturiass/frontend/node_modules/@angular/core/fesm2022/_untracked-chunk.mjs:1309:11)\n    at R3Injector.get (file:///C:/Users/Usuario/Desktop/AgilityAsturiass/frontend/node_modules/@angular/core/fesm2022/_untracked-chunk.mjs:1201:23)\n    at R3Injector.retrieve (file:///C:/Users/Usuario/Desktop/AgilityAsturiass/frontend/node_modules/@angular/core/fesm2022/_untracked-chunk.mjs:1116:19)\n    at injectInjectorOnly (file:///C:/Users/Usuario/Desktop/AgilityAsturiass/frontend/node_modules/@angular/core/fesm2022/_untracked-chunk.mjs:670:35)\n    at ɵɵinject (file:///C:/Users/Usuario/Desktop/AgilityAsturiass/frontend/node_modules/@angular/core/fesm2022/_untracked-chunk.mjs:682:59)","TypeError: Cannot read properties of undefined (reading 'verify')\n    at C:/Users/Usuario/Desktop/AgilityAsturiass/frontend/src/app/services/rsce-track.service.spec.ts:25:14\n    at file:///C:/Users/Usuario/Desktop/AgilityAsturiass/frontend/node_modules/@vitest/runner/dist/index.js:145:11\n    at file:///C:/Users/Usuario/Desktop/AgilityAsturiass/frontend/node_modules/@vitest/runner/dist/index.js:1243:20\n    at new ZoneAwarePromise (C:/Users/Usuario/Desktop/AgilityAsturiass/frontend/node_modules/zone.js/fesm2015/zone.js:2221:23)\n    at runWithTimeout (file:///C:/Users/Usuario/Desktop/AgilityAsturiass/frontend/node_modules/@vitest/runner/dist/index.js:1209:10)\n    at runHook (file:///C:/Users/Usuario/Desktop/AgilityAsturiass/frontend/node_modules/@vitest/runner/dist/index.js:1514:51)\n    at callSuiteHook (file:///C:/Users/Usuario/Desktop/AgilityAsturiass/frontend/node_modules/@vitest/runner/dist/index.js:1520:25)\n    at file:///C:/Users/Usuario/Desktop/AgilityAsturiass/frontend/node_modules/@vitest/runner/dist/index.js:1676:37\n    at Traces.$ (file:///C:/Users/Usuario/Desktop/AgilityAsturiass/frontend/node_modules/vitest/dist/chunks/traces.CCmnQaNT.js:142:27)\n    at trace (file:///C:/Users/Usuario/Desktop/AgilityAsturiass/frontend/node_modules/vitest/dist/chunks/test.B8ej_ZHS.js:239:21)"],"meta":{}}],"startTime":1778196791964,"endTime":1778196792079.6113,"status":"failed","message":"","name":"C:/Users/Usuario/Desktop/AgilityAsturiass/frontend/src/app/services/rsce-track.service.spec.ts"},{"assertionResults":[{"ancestorTitles":["SuggestionService"],"fullName":"SuggestionService should be created","status":"failed","title":"should be created","duration":61.64379999999983,"failureMessages":["TypeError: window.matchMedia is not a function\n    at AnalyticsService2.init (C:/Users/Usuario/Desktop/AgilityAsturiass/frontend/src/app/services/analytics.service.ts:47:26)\n    at new AnalyticsService2 (C:/Users/Usuario/Desktop/AgilityAsturiass/frontend/src/app/services/analytics.service.ts:17:10)\n    at Object.AnalyticsService2_Factory [as factory] (ng:///AnalyticsService2/ɵfac.js:5:10)\n    at file:///C:/Users/Usuario/Desktop/AgilityAsturiass/frontend/node_modules/@angular/core/fesm2022/_untracked-chunk.mjs:1311:35\n    at runInInjectorProfilerContext (file:///C:/Users/Usuario/Desktop/AgilityAsturiass/frontend/node_modules/@angular/core/fesm2022/_untracked-chunk.mjs:442:5)\n    at R3Injector.hydrate (file:///C:/Users/Usuario/Desktop/AgilityAsturiass/frontend/node_modules/@angular/core/fesm2022/_untracked-chunk.mjs:1309:11)\n    at R3Injector.get (file:///C:/Users/Usuario/Desktop/AgilityAsturiass/frontend/node_modules/@angular/core/fesm2022/_untracked-chunk.mjs:1201:23)\n    at R3Injector.retrieve (file:///C:/Users/Usuario/Desktop/AgilityAsturiass/frontend/node_modules/@angular/core/fesm2022/_untracked-chunk.mjs:1116:19)\n    at injectInjectorOnly (file:///C:/Users/Usuario/Desktop/AgilityAsturiass/frontend/node_modules/@angular/core/fesm2022/_untracked-chunk.mjs:670:35)\n    at ɵɵinject (file:///C:/Users/Usuario/Desktop/AgilityAsturiass/frontend/node_modules/@angular/core/fesm2022/_untracked-chunk.mjs:682:59)","TypeError: Cannot read properties of undefined (reading 'verify')\n    at C:/Users/Usuario/Desktop/AgilityAsturiass/frontend/src/app/services/suggestion.service.spec.ts:26:14\n    at file:///C:/Users/Usuario/Desktop/AgilityAsturiass/frontend/node_modules/@vitest/runner/dist/index.js:145:11\n    at file:///C:/Users/Usuario/Desktop/AgilityAsturiass/frontend/node_modules/@vitest/runner/dist/index.js:1243:20\n    at new ZoneAwarePromise (C:/Users/Usuario/Desktop/AgilityAsturiass/frontend/node_modules/zone.js/fesm2015/zone.js:2221:23)\n    at runWithTimeout (file:///C:/Users/Usuario/Desktop/AgilityAsturiass/frontend/node_modules/@vitest/runner/dist/index.js:1209:10)\n    at runHook (file:///C:/Users/Usuario/Desktop/AgilityAsturiass/frontend/node_modules/@vitest/runner/dist/index.js:1514:51)\n    at callSuiteHook (file:///C:/Users/Usuario/Desktop/AgilityAsturiass/frontend/node_modules/@vitest/runner/dist/index.js:1520:25)\n    at file:///C:/Users/Usuario/Desktop/AgilityAsturiass/frontend/node_modules/@vitest/runner/dist/index.js:1676:37\n    at Traces.$ (file:///C:/Users/Usuario/Desktop/AgilityAsturiass/frontend/node_modules/vitest/dist/chunks/traces.CCmnQaNT.js:142:27)\n    at trace (file:///C:/Users/Usuario/Desktop/AgilityAsturiass/frontend/node_modules/vitest/dist/chunks/test.B8ej_ZHS.js:239:21)"],"meta":{}},{"ancestorTitles":["SuggestionService"],"fullName":"SuggestionService should fetch all suggestions (admin)","status":"failed","title":"should fetch all suggestions (admin)","duration":18.996000000001004,"failureMessages":["TypeError: window.matchMedia is not a function\n    at AnalyticsService2.init (C:/Users/Usuario/Desktop/AgilityAsturiass/frontend/src/app/services/analytics.service.ts:47:26)\n    at new AnalyticsService2 (C:/Users/Usuario/Desktop/AgilityAsturiass/frontend/src/app/services/analytics.service.ts:17:10)\n    at Object.AnalyticsService2_Factory [as factory] (ng:///AnalyticsService2/ɵfac.js:5:10)\n    at file:///C:/Users/Usuario/Desktop/AgilityAsturiass/frontend/node_modules/@angular/core/fesm2022/_untracked-chunk.mjs:1311:35\n    at runInInjectorProfilerContext (file:///C:/Users/Usuario/Desktop/AgilityAsturiass/frontend/node_modules/@angular/core/fesm2022/_untracked-chunk.mjs:442:5)\n    at R3Injector.hydrate (file:///C:/Users/Usuario/Desktop/AgilityAsturiass/frontend/node_modules/@angular/core/fesm2022/_untracked-chunk.mjs:1309:11)\n    at R3Injector.get (file:///C:/Users/Usuario/Desktop/AgilityAsturiass/frontend/node_modules/@angular/core/fesm2022/_untracked-chunk.mjs:1201:23)\n    at R3Injector.retrieve (file:///C:/Users/Usuario/Desktop/AgilityAsturiass/frontend/node_modules/@angular/core/fesm2022/_untracked-chunk.mjs:1116:19)\n    at injectInjectorOnly (file:///C:/Users/Usuario/Desktop/AgilityAsturiass/frontend/node_modules/@angular/core/fesm2022/_untracked-chunk.mjs:670:35)\n    at ɵɵinject (file:///C:/Users/Usuario/Desktop/AgilityAsturiass/frontend/node_modules/@angular/core/fesm2022/_untracked-chunk.mjs:682:59)","TypeError: Cannot read properties of undefined (reading 'verify')\n    at C:/Users/Usuario/Desktop/AgilityAsturiass/frontend/src/app/services/suggestion.service.spec.ts:26:14\n    at file:///C:/Users/Usuario/Desktop/AgilityAsturiass/frontend/node_modules/@vitest/runner/dist/index.js:145:11\n    at file:///C:/Users/Usuario/Desktop/AgilityAsturiass/frontend/node_modules/@vitest/runner/dist/index.js:1243:20\n    at new ZoneAwarePromise (C:/Users/Usuario/Desktop/AgilityAsturiass/frontend/node_modules/zone.js/fesm2015/zone.js:2221:23)\n    at runWithTimeout (file:///C:/Users/Usuario/Desktop/AgilityAsturiass/frontend/node_modules/@vitest/runner/dist/index.js:1209:10)\n    at runHook (file:///C:/Users/Usuario/Desktop/AgilityAsturiass/frontend/node_modules/@vitest/runner/dist/index.js:1514:51)\n    at callSuiteHook (file:///C:/Users/Usuario/Desktop/AgilityAsturiass/frontend/node_modules/@vitest/runner/dist/index.js:1520:25)\n    at file:///C:/Users/Usuario/Desktop/AgilityAsturiass/frontend/node_modules/@vitest/runner/dist/index.js:1676:37\n    at Traces.$ (file:///C:/Users/Usuario/Desktop/AgilityAsturiass/frontend/node_modules/vitest/dist/chunks/traces.CCmnQaNT.js:142:27)\n    at trace (file:///C:/Users/Usuario/Desktop/AgilityAsturiass/frontend/node_modules/vitest/dist/chunks/test.B8ej_ZHS.js:239:21)"],"meta":{}},{"ancestorTitles":["SuggestionService"],"fullName":"SuggestionService should create a new suggestion","status":"failed","title":"should create a new suggestion","duration":8.431500000000597,"failureMessages":["TypeError: window.matchMedia is not a function\n    at AnalyticsService2.init (C:/Users/Usuario/Desktop/AgilityAsturiass/frontend/src/app/services/analytics.service.ts:47:26)\n    at new AnalyticsService2 (C:/Users/Usuario/Desktop/AgilityAsturiass/frontend/src/app/services/analytics.service.ts:17:10)\n    at Object.AnalyticsService2_Factory [as factory] (ng:///AnalyticsService2/ɵfac.js:5:10)\n    at file:///C:/Users/Usuario/Desktop/AgilityAsturiass/frontend/node_modules/@angular/core/fesm2022/_untracked-chunk.mjs:1311:35\n    at runInInjectorProfilerContext (file:///C:/Users/Usuario/Desktop/AgilityAsturiass/frontend/node_modules/@angular/core/fesm2022/_untracked-chunk.mjs:442:5)\n    at R3Injector.hydrate (file:///C:/Users/Usuario/Desktop/AgilityAsturiass/frontend/node_modules/@angular/core/fesm2022/_untracked-chunk.mjs:1309:11)\n    at R3Injector.get (file:///C:/Users/Usuario/Desktop/AgilityAsturiass/frontend/node_modules/@angular/core/fesm2022/_untracked-chunk.mjs:1201:23)\n    at R3Injector.retrieve (file:///C:/Users/Usuario/Desktop/AgilityAsturiass/frontend/node_modules/@angular/core/fesm2022/_untracked-chunk.mjs:1116:19)\n    at injectInjectorOnly (file:///C:/Users/Usuario/Desktop/AgilityAsturiass/frontend/node_modules/@angular/core/fesm2022/_untracked-chunk.mjs:670:35)\n    at ɵɵinject (file:///C:/Users/Usuario/Desktop/AgilityAsturiass/frontend/node_modules/@angular/core/fesm2022/_untracked-chunk.mjs:682:59)","TypeError: Cannot read properties of undefined (reading 'verify')\n    at C:/Users/Usuario/Desktop/AgilityAsturiass/frontend/src/app/services/suggestion.service.spec.ts:26:14\n    at file:///C:/Users/Usuario/Desktop/AgilityAsturiass/frontend/node_modules/@vitest/runner/dist/index.js:145:11\n    at file:///C:/Users/Usuario/Desktop/AgilityAsturiass/frontend/node_modules/@vitest/runner/dist/index.js:1243:20\n    at new ZoneAwarePromise (C:/Users/Usuario/Desktop/AgilityAsturiass/frontend/node_modules/zone.js/fesm2015/zone.js:2221:23)\n    at runWithTimeout (file:///C:/Users/Usuario/Desktop/AgilityAsturiass/frontend/node_modules/@vitest/runner/dist/index.js:1209:10)\n    at runHook (file:///C:/Users/Usuario/Desktop/AgilityAsturiass/frontend/node_modules/@vitest/runner/dist/index.js:1514:51)\n    at callSuiteHook (file:///C:/Users/Usuario/Desktop/AgilityAsturiass/frontend/node_modules/@vitest/runner/dist/index.js:1520:25)\n    at file:///C:/Users/Usuario/Desktop/AgilityAsturiass/frontend/node_modules/@vitest/runner/dist/index.js:1676:37\n    at Traces.$ (file:///C:/Users/Usuario/Desktop/AgilityAsturiass/frontend/node_modules/vitest/dist/chunks/traces.CCmnQaNT.js:142:27)\n    at trace (file:///C:/Users/Usuario/Desktop/AgilityAsturiass/frontend/node_modules/vitest/dist/chunks/test.B8ej_ZHS.js:239:21)"],"meta":{}},{"ancestorTitles":["SuggestionService"],"fullName":"SuggestionService should mark a suggestion as resolved","status":"failed","title":"should mark a suggestion as resolved","duration":16.726399999999558,"failureMessages":["TypeError: window.matchMedia is not a function\n    at AnalyticsService2.init (C:/Users/Usuario/Desktop/AgilityAsturiass/frontend/src/app/services/analytics.service.ts:47:26)\n    at new AnalyticsService2 (C:/Users/Usuario/Desktop/AgilityAsturiass/frontend/src/app/services/analytics.service.ts:17:10)\n    at Object.AnalyticsService2_Factory [as factory] (ng:///AnalyticsService2/ɵfac.js:5:10)\n    at file:///C:/Users/Usuario/Desktop/AgilityAsturiass/frontend/node_modules/@angular/core/fesm2022/_untracked-chunk.mjs:1311:35\n    at runInInjectorProfilerContext (file:///C:/Users/Usuario/Desktop/AgilityAsturiass/frontend/node_modules/@angular/core/fesm2022/_untracked-chunk.mjs:442:5)\n    at R3Injector.hydrate (file:///C:/Users/Usuario/Desktop/AgilityAsturiass/frontend/node_modules/@angular/core/fesm2022/_untracked-chunk.mjs:1309:11)\n    at R3Injector.get (file:///C:/Users/Usuario/Desktop/AgilityAsturiass/frontend/node_modules/@angular/core/fesm2022/_untracked-chunk.mjs:1201:23)\n    at R3Injector.retrieve (file:///C:/Users/Usuario/Desktop/AgilityAsturiass/frontend/node_modules/@angular/core/fesm2022/_untracked-chunk.mjs:1116:19)\n    at injectInjectorOnly (file:///C:/Users/Usuario/Desktop/AgilityAsturiass/frontend/node_modules/@angular/core/fesm2022/_untracked-chunk.mjs:670:35)\n    at ɵɵinject (file:///C:/Users/Usuario/Desktop/AgilityAsturiass/frontend/node_modules/@angular/core/fesm2022/_untracked-chunk.mjs:682:59)","TypeError: Cannot read properties of undefined (reading 'verify')\n    at C:/Users/Usuario/Desktop/AgilityAsturiass/frontend/src/app/services/suggestion.service.spec.ts:26:14\n    at file:///C:/Users/Usuario/Desktop/AgilityAsturiass/frontend/node_modules/@vitest/runner/dist/index.js:145:11\n    at file:///C:/Users/Usuario/Desktop/AgilityAsturiass/frontend/node_modules/@vitest/runner/dist/index.js:1243:20\n    at new ZoneAwarePromise (C:/Users/Usuario/Desktop/AgilityAsturiass/frontend/node_modules/zone.js/fesm2015/zone.js:2221:23)\n    at runWithTimeout (file:///C:/Users/Usuario/Desktop/AgilityAsturiass/frontend/node_modules/@vitest/runner/dist/index.js:1209:10)\n    at runHook (file:///C:/Users/Usuario/Desktop/AgilityAsturiass/frontend/node_modules/@vitest/runner/dist/index.js:1514:51)\n    at callSuiteHook (file:///C:/Users/Usu
[...]
C:/Users/Usuario/Desktop/AgilityAsturiass/frontend/node_modules/@vitest/runner/dist/index.js:1243:20\n    at new ZoneAwarePromise (C:/Users/Usuario/Desktop/AgilityAsturiass/frontend/node_modules/zone.js/fesm2015/zone.js:2221:23)"],"meta":{}}],"startTime":1778196793414,"endTime":1778196793442.1812,"status":"failed","message":"","name":"C:/Users/Usuario/Desktop/AgilityAsturiass/frontend/src/app/components/shared/onboarding-widget/onboarding-widget.spec.ts"},{"assertionResults":[{"ancestorTitles":["CrearAnuncioComponent"],"fullName":"CrearAnuncioComponent should initialize the form correctly","status":"passed","title":"should initialize the form correctly","duration":28.846999999999753,"failureMessages":[],"meta":{}},{"ancestorTitles":["CrearAnuncioComponent"],"fullName":"CrearAnuncioComponent should load users on init","status":"passed","title":"should load users on init","duration":5.761000000000422,"failureMessages":[],"meta":{}},{"ancestorTitles":["CrearAnuncioComponent"],"fullName":"CrearAnuncioComponent should toggle users in selectedUsers","status":"passed","title":"should toggle users in selectedUsers","duration":4.023299999998926,"failureMessages":[],"meta":{}},{"ancestorTitles":["CrearAnuncioComponent"],"fullName":"CrearAnuncioComponent should not submit if form is invalid","status":"passed","title":"should not submit if form is invalid","duration":3.15940000000046,"failureMessages":[],"meta":{}},{"ancestorTitles":["CrearAnuncioComponent"],"fullName":"CrearAnuncioComponent should submit and navigate on success","status":"failed","title":"should submit and navigate on success","duration":23.101199999999153,"failureMessages":["AssertionError: expected \"vi.fn()\" to be called with arguments: [ [ '/tablon-anuncios' ] ]\u001b[90m\n\nNumber of calls: \u001b[1m0\u001b[22m\n\u001b[39m\n    at Proxy.<anonymous> (file:///C:/Users/Usuario/Desktop/AgilityAsturiass/frontend/node_modules/@vitest/expect/dist/index.js:1420:10)\n    at Proxy.<anonymous> (file:///C:/Users/Usuario/Desktop/AgilityAsturiass/frontend/node_modules/@vitest/expect/dist/index.js:1090:14)\n    at Proxy.methodWrapper (file:///C:/Users/Usuario/Desktop/AgilityAsturiass/frontend/node_modules/chai/index.js:1700:25)\n    at C:/Users/Usuario/Desktop/AgilityAsturiass/frontend/src/app/components/tablon-anuncios/crear-anuncio/crear-anuncio.component.spec.ts:109:32\n    at file:///C:/Users/Usuario/Desktop/AgilityAsturiass/frontend/node_modules/@vitest/runner/dist/index.js:145:11\n    at file:///C:/Users/Usuario/Desktop/AgilityAsturiass/frontend/node_modules/@vitest/runner/dist/index.js:915:26\n    at file:///C:/Users/Usuario/Desktop/AgilityAsturiass/frontend/node_modules/@vitest/runner/dist/index.js:1243:20\n    at new ZoneAwarePromise (C:/Users/Usuario/Desktop/AgilityAsturiass/frontend/node_modules/zone.js/fesm2015/zone.js:2221:23)\n    at runWithTimeout (file:///C:/Users/Usuario/Desktop/AgilityAsturiass/frontend/node_modules/@vitest/runner/dist/index.js:1209:10)\n    at file:///C:/Users/Usuario/Desktop/AgilityAsturiass/frontend/node_modules/@vitest/runner/dist/index.js:1653:37"],"meta":{}},{"ancestorTitles":["CrearAnuncioComponent"],"fullName":"CrearAnuncioComponent should submit with specific users notification","status":"passed","title":"should submit with specific users notification","duration":4.335299999998824,"failureMessages":[],"meta":{}},{"ancestorTitles":["CrearAnuncioComponent"],"fullName":"CrearAnuncioComponent should handle submission errors","status":"passed","title":"should handle submission errors","duration":5.550600000000486,"failureMessages":[],"meta":{}}],"startTime":1778196791972,"endTime":1778196792047.5505,"status":"failed","message":"","name":"C:/Users/Usuario/Desktop/AgilityAsturiass/frontend/src/app/components/tablon-anuncios/crear-anuncio/crear-anuncio.component.spec.ts"},{"assertionResults":[{"ancestorTitles":["WorkloadGaugeComponent"],"fullName":"WorkloadGaugeComponent debe calcular el estado óptimo correctamente en Fase 3","status":"passed","title":"debe calcular el estado óptimo correctamente en Fase 3","duration":142.3238999999994,"failureMessages":[],"meta":{}},{"ancestorTitles":["WorkloadGaugeComponent"],"fullName":"WorkloadGaugeComponent debe advertir sobre sobrecarga aguda (Zona de Fatiga)","status":"passed","title":"debe advertir sobre sobrecarga aguda (Zona de Fatiga)","duration":60.22450000000026,"failureMessages":[],"meta":{}},{"ancestorTitles":["WorkloadGaugeComponent"],"fullName":"WorkloadGaugeComponent debe mostrar la fase de calibración si faltan datos","status":"passed","title":"debe mostrar la fase de calibración si faltan datos","duration":45.05869999999959,"failureMessages":[],"meta":{}}],"startTime":1778196793765,"endTime":1778196794013.0586,"status":"passed","message":"","name":"C:/Users/Usuario/Desktop/AgilityAsturiass/frontend/src/app/components/explorar/salud-deportiva/workload-gauge/workload-gauge.spec.ts"},{"assertionResults":[{"ancestorTitles":["DogDocsComponent"],"fullName":"DogDocsComponent should create and initialize with dog data","status":"failed","title":"should create and initialize with dog data","duration":292.39600000000064,"failureMessages":["TypeError: window.matchMedia is not a function\n    at AnalyticsService2.init (C:/Users/Usuario/Desktop/AgilityAsturiass/frontend/src/app/services/analytics.service.ts:47:26)\n    at new AnalyticsService2 (C:/Users/Usuario/Desktop/AgilityAsturiass/frontend/src/app/services/analytics.service.ts:17:10)\n    at Object.AnalyticsService2_Factory [as factory] (ng:///AnalyticsService2/ɵfac.js:5:10)\n    at file:///C:/Users/Usuario/Desktop/AgilityAsturiass/frontend/node_modules/@angular/core/fesm2022/_untracked-chunk.mjs:1311:35\n    at runInInjectorProfilerContext (file:///C:/Users/Usuario/Desktop/AgilityAsturiass/frontend/node_modules/@angular/core/fesm2022/_untracked-chunk.mjs:442:5)\n    at R3Injector.hydrate (file:///C:/Users/Usuario/Desktop/AgilityAsturiass/frontend/node_modules/@angular/core/fesm2022/_untracked-chunk.mjs:1309:11)\n    at R3Injector.get (file:///C:/Users/Usuario/Desktop/AgilityAsturiass/frontend/node_modules/@angular/core/fesm2022/_untracked-chunk.mjs:1201:23)\n    at R3Injector.retrieve (file:///C:/Users/Usuario/Desktop/AgilityAsturiass/frontend/node_modules/@angular/core/fesm2022/_untracked-chunk.mjs:1116:19)\n    at injectInjectorOnly (file:///C:/Users/Usuario/Desktop/AgilityAsturiass/frontend/node_modules/@angular/core/fesm2022/_untracked-chunk.mjs:670:35)\n    at ɵɵinject (file:///C:/Users/Usuario/Desktop/AgilityAsturiass/frontend/node_modules/@angular/core/fesm2022/_untracked-chunk.mjs:682:59)"],"meta":{}},{"ancestorTitles":["DogDocsComponent"],"fullName":"DogDocsComponent should calculate category based on dog height","status":"failed","title":"should calculate category based on dog height","duration":23.679200000000492,"failureMessages":["TypeError: window.matchMedia is not a function\n    at AnalyticsService2.init (C:/Users/Usuario/Desktop/AgilityAsturiass/frontend/src/app/services/analytics.service.ts:47:26)\n    at new AnalyticsService2 (C:/Users/Usuario/Desktop/AgilityAsturiass/frontend/src/app/services/analytics.service.ts:17:10)\n    at Object.AnalyticsService2_Factory [as factory] (ng:///AnalyticsService2/ɵfac.js:5:10)\n    at file:///C:/Users/Usuario/Desktop/AgilityAsturiass/frontend/node_modules/@angular/core/fesm2022/_untracked-chunk.mjs:1311:35\n    at runInInjectorProfilerContext (file:///C:/Users/Usuario/Desktop/AgilityAsturiass/frontend/node_modules/@angular/core/fesm2022/_untracked-chunk.mjs:442:5)\n    at R3Injector.hydrate (file:///C:/Users/Usuario/Desktop/AgilityAsturiass/frontend/node_modules/@angular/core/fesm2022/_untracked-chunk.mjs:1309:11)\n    at R3Injector.get (file:///C:/Users/Usuario/Desktop/AgilityAsturiass/frontend/node_modules/@angular/core/fesm2022/_untracked-chunk.mjs:1201:23)\n    at R3Injector.retrieve (file:///C:/Users/Usuario/Desktop/AgilityAsturiass/frontend/node_modules/@angular/core/fesm2022/_untracked-chunk.mjs:1116:19)\n    at injectInjectorOnly (file:///C:/Users/Usuario/Desktop/AgilityAsturiass/frontend/node_modules/@angular/core/fesm2022/_untracked-chunk.mjs:670:35)\n    at ɵɵinject (file:///C:/Users/Usuario/Desktop/AgilityAsturiass/frontend/node_modules/@angular/core/fesm2022/_untracked-chunk.mjs:682:59)"],"meta":{}},{"ancestorTitles":["DogDocsComponent"],"fullName":"DogDocsComponent should call updateDog on saveChanges","status":"failed","title":"should call updateDog on saveChanges","duration":21.29700000000048,"failureMessages":["TypeError: window.matchMedia is not a function\n    at AnalyticsService2.init (C:/Users/Usuario/Desktop/AgilityAsturiass/frontend/src/app/services/analytics.service.ts:47:26)\n    at new AnalyticsService2 (C:/Users/Usuario/Desktop/AgilityAsturiass/frontend/src/app/services/analytics.service.ts:17:10)\n    at Object.AnalyticsService2_Factory [as factory] (ng:///AnalyticsService2/ɵfac.js:5:10)\n    at file:///C:/Users/Usuario/Desktop/AgilityAsturiass/frontend/node_modules/@angular/core/fesm2022/_untracked-chunk.mjs:1311:35\n    at runInInjectorProfilerContext (file:///C:/Users/Usuario/Desktop/AgilityAsturiass/frontend/node_modules/@angular/core/fesm2022/_untracked-chunk.mjs:442:5)\n    at R3Injector.hydrate (file:///C:/Users/Usuario/Desktop/AgilityAsturiass/frontend/node_modules/@angular/core/fesm2022/_untracked-chunk.mjs:1309:11)\n    at R3Injector.get (file:///C:/Users/Usuario/Desktop/AgilityAsturiass/frontend/node_modules/@angular/core/fesm2022/_untracked-chunk.mjs:1201:23)\n    at R3Injector.retrieve (file:///C:/Users/Usuario/Desktop/AgilityAsturiass/frontend/node_modules/@angular/core/fesm2022/_untracked-chunk.mjs:1116:19)\n    at injectInjectorOnly (file:///C:/Users/Usuario/Desktop/AgilityAsturiass/frontend/node_modules/@angular/core/fesm2022/_untracked-chunk.mjs:670:35)\n    at ɵɵinject (file:///C:/Users/Usuario/Desktop/AgilityAsturiass/frontend/node_modules/@angular/core/fesm2022/_untracked-chunk.mjs:682:59)"],"meta":{}},{"ancestorTitles":["DogDocsComponent"],"fullName":"DogDocsComponent should handle errors on saveChanges","status":"failed","title":"should handle errors on saveChanges","duration":16.84269999999924,"failureMessages":["TypeError: window.matchMedia is not a function\n    at AnalyticsService2.init (C:/Users/Usuario/Desktop/AgilityAsturiass/frontend/src/app/services/analytics.service.ts:47:26)\n    at new AnalyticsService2 (C:/Users/Usuario/Desktop/AgilityAsturiass/frontend/src/app/services/analytics.service.ts:17:10)\n    at Object.AnalyticsService2_Factory [as factory] (ng:///AnalyticsService2/ɵfac.js:5:10)\n    at file:///C:/Users/Usuario/Desktop/AgilityAsturiass/frontend/node_modules/@angular/core/fesm2022/_untracked-chunk.mjs:1311:35\n    at runInInjectorProfilerContext (file:///C:/Users/Usuario/Desktop/AgilityAsturiass/frontend/node_modules/@angular/core/fesm2022/_untracked-chunk.mjs:442:5)\n    at R3Injector.hydrate (file:///C:/Users/Usuario/Desktop/AgilityAsturiass/frontend/node_modules/@angular/core/fesm2022/_untracked-chunk.mjs:1309:11)\n    at R3Injector.get (file:///C:/Users/Usuario/Desktop/AgilityAsturiass/frontend/node_modules/@angular/core/fesm2022/_untracked-chunk.mjs:1201:23)\n    at R3Injector.retrieve (file:///C:/Users/Usuario/Desktop/AgilityAsturiass/frontend/node_modules/@angular/core/fesm2022/_untracked-chunk.mjs:1116:19)\n    at injectInjectorOnly (file:///C:/Users/Usuario/Desktop/AgilityAsturiass/frontend/node_modules/@angular/core/fesm2022/_untracked-chunk.mjs:670:35)\n    at ɵɵinject (file:///C:/Users/Usuario/Desktop/AgilityAsturiass/frontend/node_modules/@angular/core/fesm2022/_untracked-chunk.mjs:682:59)"],"meta":{}}],"startTime":1778196791988,"endTime":1778196792342.8428,"status":"failed","message":"","name":"C:/Users/Usuario/Desktop/AgilityAsturiass/frontend/src/app/components/gestionar-perros/tabs/dog-docs/dog-docs.component.spec.ts"},{"assertionResults":[{"ancestorTitles":["DogFamilyComponent"],"fullName":"DogFamilyComponent should create and list co-owners","status":"passed","title":"should create and list co-owners","duration":213.1969999999983,"failureMessages":[],"meta":{}},{"ancestorTitles":["DogFamilyComponent"],"fullName":"DogFamilyComponent should determine correctly if user is primary owner","status":"passed","title":"should determine correctly if user is primary owner","duration":25.087900000000445,"failureMessages":[],"meta":{}},{"ancestorTitles":["DogFamilyComponent"],"fullName":"DogFamilyComponent should share dog via shareDog method","status":"passed","title":"should share dog via shareDog method","duration":29.84730000000127,"failureMessages":[],"meta":{}},{"ancestorTitles":["DogFamilyComponent"],"fullName":"DogFamilyComponent should show error toast if sharing fails","status":"passed","title":"should show error toast if sharing fails","duration":19.330400000000736,"failureMessages":[],"meta":{}},{"ancestorTitles":["DogFamilyComponent"],"fullName":"DogFamilyComponent should remove share user after confirm","status":"passed","title":"should remove share user after confirm","duration":19.978399999999965,"failureMessages":[],"meta":{}},{"ancestorTitles":["DogFamilyComponent"],"fullName":"DogFamilyComponent should not remove share user if cancelled","status":"passed","title":"should not remove share user if cancelled","duration":26.621399999999994,"failureMessages":[],"meta":{}}],"startTime":1778196793862,"endTime":1778196794196.6213,"status":"passed","message":"","name":"C:/Users/Usuario/Desktop/AgilityAsturiass/frontend/src/app/components/gestionar-perros/tabs/dog-family/dog-family.component.spec.ts"},{"assertionResults":[{"ancestorTitles":["DogHealthComponent"],"fullName":"DogHealthComponent debe crearse correctamente","status":"passed","title":"debe crearse correctamente","duration":188.8678,"failureMessages":[],"meta":{}},{"ancestorTitles":["DogHealthComponent"],"fullName":"DogHealthComponent debe mostrar el nombre del perro en el mensaje de \"Pronto podrás gestionar...\"","status":"passed","title":"debe mostrar el nombre del perro en el mensaje de \"Pronto podrás gestionar...\"","duration":19.215899999999237,"failureMessages":[],"meta":{}},{"ancestorTitles":["DogHealthComponent"],"fullName":"DogHealthComponent debe renderizar la lista de futuras características","status":"passed","title":"debe renderizar la lista de futuras características","duration":15.668799999999464,"failureMessages":[],"meta":{}}],"startTime":1778196794037,"endTime":1778196794261.6687,"status":"passed","message":"","name":"C:/Users/Usuario/Desktop/AgilityAsturiass/frontend/src/app/components/gestionar-perros/tabs/dog-health/dog-health.component.spec.ts"},{"assertionResults":[{"ancestorTitles":["DogTrainingComponent"],"fullName":"DogTrainingComponent debe crearse correctamente","status":"passed","title":"debe crearse correctamente","duration":360.5478000000003,"failureMessages":[],"meta":{}},{"ancestorTitles":["DogTrainingComponent"],"fullName":"DogTrainingComponent debe inicializar el formulario con los datos biométricos del perro","status":"passed","title":"debe inicializar el formulario con los datos biométricos del perro","duration":43.78370000000177,"failureMessages":[],"meta":{}},{"ancestorTitles":["DogTrainingComponent"],"fullName":"DogTrainingComponent debe calcular correctamente la fecha de esterilización al inicializar si existe","status":"passed","title":"debe calcular correctamente la fecha de esterilización al inicializar si existe","duration":42.82449999999881,"failureMessages":[],"meta":{}},{"ancestorTitles":["DogTrainingComponent"],"fullName":"DogTrainingComponent debe autocalcular la categoría RSCE basada en la altura antes de guardar","status":"passed","title":"debe autocalcular la categoría RSCE basada en la altura antes de guardar","duration":35.32929999999942,"failureMessages":[],"meta":{}},{"ancestorTitles":["DogTrainingComponent"],"fullName":"DogTrainingComponent debe calcular la fecha de esterilización correctamente para enviar al backend","status":"passed","title":"debe calcular la fecha de esterilización correctamente para enviar al backend","duration":39.26749999999993,"failureMessages":[],"meta":{}},{"ancestorTitles":["DogTrainingComponent"],"fullName":"DogTrainingComponent debe manejar errores al guardar los datos deportivos","status":"passed","title":"debe manejar errores al guardar los datos deportivos","duration":44.1273999999994,"failureMessages":[],"meta":{}}],"startTime":1778196793365,"endTime":1778196793931.1274,"status":"passed","message":"","name":"C:/Users/Usuario/Desktop/AgilityAsturiass/frontend/src/app/components/gestionar-perros/tabs/dog-training/dog-training.component.spec.ts"},{"assertionResults":[{"ancestorTitles":["DogSummaryComponent"],"fullName":"DogSummaryComponent debe crearse correctamente","status":"passed","title":"debe crearse correctamente","duration":207.95410000000084,"failureMessages":[],"meta":{}},{"ancestorTitles":["DogSummaryComponent"],"fullName":"DogSummaryComponent debe inicializar el formulario con los datos del perro","status":"passed","title":"debe inicializar el formulario con los datos del perro","duration":26.160600000001068,"failureMessages":[],"meta":{}},{"ancestorTitles":["DogSummaryComponent"],"fullName":"DogSummaryComponent debe calcular correctamente el progreso del perfil","status":"passed","title":"debe calcular correctamente el progreso del perfil","duration":38.1187000000009,"failureMessages":[],"meta":{}},{"ancestorTitles":["DogSummaryComponent"],"fullName":"DogSummaryComponent debe guardar los cambios correctamente","status":"passed","title":"debe guardar los cambios correctamente","duration":25.69709999999941,"failureMessages":[],"meta":{}},{"ancestorTitles":["DogSummaryComponent"],"fullName":"DogSummaryComponent no debe guardar si el nombre está vacío","status":"passed","title":"no debe guardar si el nombre está vacío","duration":41.214600000001155,"failureMessages":[],"meta":{}}],"startTime":1778196793274,"endTime":1778196793614.2146,"status":"passed","message":"","name":"C:/Users/Usuario/Desktop/AgilityAsturiass/frontend/src/app/components/gestionar-perros/tabs/dog-summary/dog-summary.component.spec.ts"},{"assertionResults":[{"ancestorTitles":["DogSettingsComponent"],"fullName":"DogSettingsComponent debe crearse correctamente","status":"passed","title":"debe crearse correctamente","duration":269.03729999999996,"failureMessages":[],"meta":{}},{"ancestorTitles":["DogSettingsComponent"],"fullName":"DogSettingsComponent debe identificar al propietario primario","status":"passed","title":"debe identificar al propietario primario","duration":26.364199999999983,"failureMessages":[],"meta":{}},{"ancestorTitles":["DogSettingsComponent"],"fullName":"DogSettingsComponent debe identificar al propietario secundario","status":"passed","title":"debe identificar al propietario secundario","duration":24.060999999999694,"failureMessages":[],"meta":{}},{"ancestorTitles":["DogSettingsComponent"],"fullName":"DogSettingsComponent debe abrir y cerrar el modal de confirmación","status":"passed","title":"debe abrir y cerrar el modal de confirmación","duration":17.665600000000268,"failureMessages":[],"meta":{}},{"ancestorTitles":["DogSettingsComponent"],"fullName":"DogSettingsComponent debe borrar el perro si es propietario principal y navegar a la lista","status":"passed","title":"debe borrar el perro si es propietario principal y navegar a la lista","duration":39.51120000000083,"failureMessages":[],"meta":{}},{"ancestorTitles":["DogSettingsComponent"],"fullName":"DogSettingsComponent debe desvincularse del perro si es propietario secundario y navegar a la lista","status":"passed","title":"debe desvincularse del perro si es propietario secundario y navegar a la lista","duration":16.82129999999961,"failureMessages":[],"meta":{}}],"startTime":1778196794009,"endTime":1778196794402.8213,"status":"passed","message":"","name":"C:/Users/Usuario/Desktop/AgilityAsturiass/frontend/src/app/components/gestionar-perros/tabs/dog-settings/dog-settings.component.spec.ts"}]}
